<?xml version="1.0" encoding="UTF-8"?>
<coverage generated="1524596967768" clover="3.2.0">
  <project timestamp="1524596967769" name="All files">
    <metrics statements="64" coveredstatements="50" conditionals="14" coveredconditionals="8" methods="18" coveredmethods="8" elements="96" coveredelements="66" complexity="0" loc="64" ncloc="64" packages="4" files="6" classes="6">
      <package name="ui">
        <metrics statements="4" coveredstatements="3" conditionals="0" coveredconditionals="0" methods="1" coveredmethods="0"/>
        <file name="setup-jest.ts" path="/Users/azasorin/Documents/Projects/meditor/ui/setup-jest.ts">
          <metrics statements="4" coveredstatements="3" conditionals="0" coveredconditionals="0" methods="1" coveredmethods="0"/>
          <line num="1" count="1" type="stmt"/>
          <line num="2" count="1" type="stmt"/>
          <line num="4" count="1" type="stmt"/>
          <line num="6" count="0" type="stmt"/>
        </file>
      </package>
      <package name="ui.src.app.auth.actions">
        <metrics statements="18" coveredstatements="12" conditionals="2" coveredconditionals="2" methods="6" coveredmethods="2"/>
        <file name="auth.ts" path="/Users/azasorin/Documents/Projects/meditor/ui/src/app/auth/actions/auth.ts">
          <metrics statements="18" coveredstatements="12" conditionals="2" coveredconditionals="2" methods="6" coveredmethods="2"/>
          <line num="4" count="1" type="cond" truecount="2" falsecount="0"/>
          <line num="5" count="1" type="stmt"/>
          <line num="6" count="1" type="stmt"/>
          <line num="7" count="1" type="stmt"/>
          <line num="8" count="1" type="stmt"/>
          <line num="9" count="1" type="stmt"/>
          <line num="12" count="1" type="stmt"/>
          <line num="13" count="1" type="stmt"/>
          <line num="16" count="1" type="stmt"/>
          <line num="17" count="0" type="stmt"/>
          <line num="19" count="0" type="stmt"/>
          <line num="22" count="1" type="stmt"/>
          <line num="23" count="0" type="stmt"/>
          <line num="25" count="0" type="stmt"/>
          <line num="28" count="1" type="stmt"/>
          <line num="29" count="0" type="stmt"/>
          <line num="32" count="1" type="stmt"/>
          <line num="33" count="0" type="stmt"/>
        </file>
      </package>
      <package name="ui.src.app.auth.components">
        <metrics statements="10" coveredstatements="9" conditionals="3" coveredconditionals="2" methods="3" coveredmethods="2"/>
        <file name="login.component.ts" path="/Users/azasorin/Documents/Projects/meditor/ui/src/app/auth/components/login.component.ts">
          <metrics statements="10" coveredstatements="9" conditionals="3" coveredconditionals="2" methods="3" coveredmethods="2"/>
          <line num="1" count="1" type="stmt"/>
          <line num="4" count="1" type="stmt"/>
          <line num="6" count="1" type="stmt"/>
          <line num="7" count="1" type="stmt"/>
          <line num="57" count="1" type="stmt"/>
          <line num="62" count="1" type="cond" truecount="2" falsecount="1"/>
          <line num="63" count="1" type="stmt"/>
          <line num="64" count="1" type="stmt"/>
          <line num="68" count="1" type="stmt"/>
          <line num="72" count="0" type="stmt"/>
        </file>
      </package>
      <package name="ui.src.app.auth.reducers">
        <metrics statements="32" coveredstatements="26" conditionals="9" coveredconditionals="4" methods="8" coveredmethods="4"/>
        <file name="auth.ts" path="/Users/azasorin/Documents/Projects/meditor/ui/src/app/auth/reducers/auth.ts">
          <metrics statements="9" coveredstatements="7" conditionals="4" coveredconditionals="2" methods="3" coveredmethods="2"/>
          <line num="1" count="1" type="stmt"/>
          <line num="9" count="1" type="stmt"/>
          <line num="14" count="1" type="cond" truecount="1" falsecount="0"/>
          <line num="15" count="2" type="stmt"/>
          <line num="17" count="0" type="stmt"/>
          <line num="25" count="0" type="stmt"/>
          <line num="29" count="2" type="stmt"/>
          <line num="34" count="1" type="stmt"/>
          <line num="35" count="1" type="stmt"/>
        </file>
        <file name="index.ts" path="/Users/azasorin/Documents/Projects/meditor/ui/src/app/auth/reducers/index.ts">
          <metrics statements="13" coveredstatements="12" conditionals="0" coveredconditionals="0" methods="2" coveredmethods="1"/>
          <line num="1" count="1" type="stmt"/>
          <line num="3" count="1" type="stmt"/>
          <line num="4" count="1" type="stmt"/>
          <line num="15" count="1" type="stmt"/>
          <line num="20" count="1" type="stmt"/>
          <line num="22" count="1" type="stmt"/>
          <line num="24" count="1" type="stmt"/>
          <line num="26" count="1" type="stmt"/>
          <line num="30" count="1" type="stmt"/>
          <line num="32" count="1" type="stmt"/>
          <line num="34" count="0" type="stmt"/>
          <line num="36" count="1" type="stmt"/>
          <line num="40" count="1" type="stmt"/>
        </file>
        <file name="login-page.ts" path="/Users/azasorin/Documents/Projects/meditor/ui/src/app/auth/reducers/login-page.ts">
          <metrics statements="10" coveredstatements="7" conditionals="5" coveredconditionals="2" methods="3" coveredmethods="1"/>
          <line num="1" count="1" type="stmt"/>
          <line num="8" count="1" type="stmt"/>
          <line num="13" count="1" type="cond" truecount="1" falsecount="0"/>
          <line num="14" count="2" type="stmt"/>
          <line num="16" count="0" type="stmt"/>
          <line num="24" count="0" type="stmt"/>
          <line num="32" count="0" type="stmt"/>
          <line num="40" count="2" type="stmt"/>
          <line num="45" count="1" type="stmt"/>
          <line num="46" count="1" type="stmt"/>
        </file>
      </package>
    </metrics>
  </project>
</coverage>
