<?xml version="1.0" encoding="UTF-8"?>
<coverage generated="1525197996067" clover="3.2.0">
  <project timestamp="1525197996068" name="All files">
    <metrics statements="259" coveredstatements="222" conditionals="87" coveredconditionals="62" methods="67" coveredmethods="37" elements="413" coveredelements="321" complexity="0" loc="259" ncloc="259" packages="20" files="30" classes="30">
      <package name="ui">
        <metrics statements="5" coveredstatements="4" conditionals="0" coveredconditionals="0" methods="1" coveredmethods="0"/>
        <file name="setup-jest.ts" path="/Users/azasorin/Documents/Projects/meditor/ui/setup-jest.ts">
          <metrics statements="5" coveredstatements="4" conditionals="0" coveredconditionals="0" methods="1" coveredmethods="0"/>
          <line num="1" count="14" type="stmt"/>
          <line num="2" count="14" type="stmt"/>
          <line num="4" count="14" type="stmt"/>
          <line num="6" count="14" type="stmt"/>
          <line num="8" count="0" type="stmt"/>
        </file>
      </package>
      <package name="ui.src.app.auth.actions">
        <metrics statements="18" coveredstatements="17" conditionals="2" coveredconditionals="2" methods="6" coveredmethods="5"/>
        <file name="auth.ts" path="/Users/azasorin/Documents/Projects/meditor/ui/src/app/auth/actions/auth.ts">
          <metrics statements="18" coveredstatements="17" conditionals="2" coveredconditionals="2" methods="6" coveredmethods="5"/>
          <line num="4" count="4" type="cond" truecount="2" falsecount="0"/>
          <line num="5" count="4" type="stmt"/>
          <line num="6" count="4" type="stmt"/>
          <line num="7" count="4" type="stmt"/>
          <line num="8" count="4" type="stmt"/>
          <line num="9" count="4" type="stmt"/>
          <line num="12" count="4" type="stmt"/>
          <line num="13" count="1" type="stmt"/>
          <line num="16" count="4" type="stmt"/>
          <line num="17" count="2" type="stmt"/>
          <line num="19" count="2" type="stmt"/>
          <line num="22" count="4" type="stmt"/>
          <line num="23" count="1" type="stmt"/>
          <line num="25" count="1" type="stmt"/>
          <line num="28" count="4" type="stmt"/>
          <line num="29" count="0" type="stmt"/>
          <line num="32" count="4" type="stmt"/>
          <line num="33" count="1" type="stmt"/>
        </file>
      </package>
      <package name="ui.src.app.auth.components">
        <metrics statements="10" coveredstatements="9" conditionals="3" coveredconditionals="2" methods="3" coveredmethods="2"/>
        <file name="login.component.ts" path="/Users/azasorin/Documents/Projects/meditor/ui/src/app/auth/components/login.component.ts">
          <metrics statements="10" coveredstatements="9" conditionals="3" coveredconditionals="2" methods="3" coveredmethods="2"/>
          <line num="1" count="1" type="stmt"/>
          <line num="4" count="1" type="stmt"/>
          <line num="6" count="1" type="stmt"/>
          <line num="7" count="1" type="stmt"/>
          <line num="16" count="1" type="stmt"/>
          <line num="21" count="1" type="cond" truecount="2" falsecount="1"/>
          <line num="22" count="1" type="stmt"/>
          <line num="23" count="1" type="stmt"/>
          <line num="27" count="1" type="stmt"/>
          <line num="31" count="0" type="stmt"/>
        </file>
      </package>
      <package name="ui.src.app.auth.containers">
        <metrics statements="2" coveredstatements="2" conditionals="0" coveredconditionals="0" methods="1" coveredmethods="1"/>
        <file name="login-page.component.ts" path="/Users/azasorin/Documents/Projects/meditor/ui/src/app/auth/containers/login-page.component.ts">
          <metrics statements="2" coveredstatements="2" conditionals="0" coveredconditionals="0" methods="1" coveredmethods="1"/>
          <line num="1" count="1" type="stmt"/>
          <line num="29" count="1" type="stmt"/>
        </file>
      </package>
      <package name="ui.src.app.auth.reducers">
        <metrics statements="32" coveredstatements="31" conditionals="9" coveredconditionals="9" methods="8" coveredmethods="4"/>
        <file name="auth.ts" path="/Users/azasorin/Documents/Projects/meditor/ui/src/app/auth/reducers/auth.ts">
          <metrics statements="9" coveredstatements="9" conditionals="4" coveredconditionals="4" methods="3" coveredmethods="2"/>
          <line num="1" count="3" type="stmt"/>
          <line num="9" count="3" type="stmt"/>
          <line num="14" count="3" type="cond" truecount="1" falsecount="0"/>
          <line num="15" count="6" type="stmt"/>
          <line num="17" count="1" type="stmt"/>
          <line num="25" count="1" type="stmt"/>
          <line num="29" count="4" type="stmt"/>
          <line num="34" count="3" type="stmt"/>
          <line num="35" count="3" type="stmt"/>
        </file>
        <file name="index.ts" path="/Users/azasorin/Documents/Projects/meditor/ui/src/app/auth/reducers/index.ts">
          <metrics statements="13" coveredstatements="12" conditionals="0" coveredconditionals="0" methods="2" coveredmethods="1"/>
          <line num="1" count="2" type="stmt"/>
          <line num="3" count="2" type="stmt"/>
          <line num="4" count="2" type="stmt"/>
          <line num="15" count="2" type="stmt"/>
          <line num="20" count="2" type="stmt"/>
          <line num="22" count="2" type="stmt"/>
          <line num="24" count="1" type="stmt"/>
          <line num="26" count="2" type="stmt"/>
          <line num="30" count="2" type="stmt"/>
          <line num="32" count="2" type="stmt"/>
          <line num="34" count="0" type="stmt"/>
          <line num="36" count="2" type="stmt"/>
          <line num="40" count="2" type="stmt"/>
        </file>
        <file name="login-page.ts" path="/Users/azasorin/Documents/Projects/meditor/ui/src/app/auth/reducers/login-page.ts">
          <metrics statements="10" coveredstatements="10" conditionals="5" coveredconditionals="5" methods="3" coveredmethods="1"/>
          <line num="1" count="3" type="stmt"/>
          <line num="8" count="3" type="stmt"/>
          <line num="13" count="3" type="cond" truecount="1" falsecount="0"/>
          <line num="14" count="6" type="stmt"/>
          <line num="16" count="1" type="stmt"/>
          <line num="24" count="1" type="stmt"/>
          <line num="32" count="1" type="stmt"/>
          <line num="40" count="3" type="stmt"/>
          <line num="45" count="3" type="stmt"/>
          <line num="46" count="3" type="stmt"/>
        </file>
      </package>
      <package name="ui.src.app.core.actions">
        <metrics statements="23" coveredstatements="19" conditionals="4" coveredconditionals="4" methods="8" coveredmethods="5"/>
        <file name="layout.ts" path="/Users/azasorin/Documents/Projects/meditor/ui/src/app/core/actions/layout.ts">
          <metrics statements="7" coveredstatements="5" conditionals="2" coveredconditionals="2" methods="3" coveredmethods="1"/>
          <line num="3" count="3" type="cond" truecount="2" falsecount="0"/>
          <line num="4" count="3" type="stmt"/>
          <line num="5" count="3" type="stmt"/>
          <line num="8" count="3" type="stmt"/>
          <line num="9" count="0" type="stmt"/>
          <line num="12" count="3" type="stmt"/>
          <line num="13" count="0" type="stmt"/>
        </file>
        <file name="model.actions.ts" path="/Users/azasorin/Documents/Projects/meditor/ui/src/app/core/actions/model.actions.ts">
          <metrics statements="16" coveredstatements="14" conditionals="2" coveredconditionals="2" methods="5" coveredmethods="4"/>
          <line num="4" count="4" type="cond" truecount="2" falsecount="0"/>
          <line num="5" count="4" type="stmt"/>
          <line num="6" count="4" type="stmt"/>
          <line num="7" count="4" type="stmt"/>
          <line num="8" count="4" type="stmt"/>
          <line num="11" count="4" type="stmt"/>
          <line num="12" count="4" type="stmt"/>
          <line num="14" count="4" type="stmt"/>
          <line num="17" count="4" type="stmt"/>
          <line num="18" count="3" type="stmt"/>
          <line num="23" count="4" type="stmt"/>
          <line num="24" count="2" type="stmt"/>
          <line num="26" count="2" type="stmt"/>
          <line num="29" count="4" type="stmt"/>
          <line num="30" count="0" type="stmt"/>
          <line num="32" count="0" type="stmt"/>
        </file>
      </package>
      <package name="ui.src.app.core.components.model-button">
        <metrics statements="8" coveredstatements="6" conditionals="5" coveredconditionals="1" methods="2" coveredmethods="0"/>
        <file name="model-button.component.ts" path="/Users/azasorin/Documents/Projects/meditor/ui/src/app/core/components/model-button/model-button.component.ts">
          <metrics statements="8" coveredstatements="6" conditionals="5" coveredconditionals="1" methods="2" coveredmethods="0"/>
          <line num="1" count="1" type="stmt"/>
          <line num="2" count="1" type="stmt"/>
          <line num="4" count="1" type="stmt"/>
          <line num="10" count="1" type="stmt"/>
          <line num="11" count="1" type="cond" truecount="1" falsecount="2"/>
          <line num="12" count="1" type="stmt"/>
          <line num="17" count="0" type="cond" truecount="0" falsecount="2"/>
          <line num="18" count="0" type="stmt"/>
        </file>
      </package>
      <package name="ui.src.app.core.containers">
        <metrics statements="15" coveredstatements="11" conditionals="11" coveredconditionals="8" methods="4" coveredmethods="2"/>
        <file name="main.ts" path="/Users/azasorin/Documents/Projects/meditor/ui/src/app/core/containers/main.ts">
          <metrics statements="6" coveredstatements="6" conditionals="3" coveredconditionals="2" methods="2" coveredmethods="2"/>
          <line num="1" count="1" type="stmt"/>
          <line num="2" count="1" type="stmt"/>
          <line num="5" count="1" type="stmt"/>
          <line num="21" count="1" type="stmt"/>
          <line num="23" count="2" type="cond" truecount="2" falsecount="1"/>
          <line num="28" count="2" type="stmt"/>
        </file>
        <file name="splash-page.component.ts" path="/Users/azasorin/Documents/Projects/meditor/ui/src/app/core/containers/splash-page.component.ts">
          <metrics statements="9" coveredstatements="5" conditionals="8" coveredconditionals="6" methods="2" coveredmethods="0"/>
          <line num="1" count="1" type="stmt"/>
          <line num="4" count="1" type="stmt"/>
          <line num="6" count="1" type="stmt"/>
          <line num="8" count="1" type="stmt"/>
          <line num="56" count="1" type="stmt"/>
          <line num="61" count="0" type="cond" truecount="6" falsecount="2"/>
          <line num="62" count="0" type="stmt"/>
          <line num="64" count="0" type="stmt"/>
          <line num="68" count="0" type="stmt"/>
        </file>
      </package>
      <package name="ui.src.app.core.mock-data">
        <metrics statements="1" coveredstatements="1" conditionals="0" coveredconditionals="0" methods="0" coveredmethods="0"/>
        <file name="content-type.mock.ts" path="/Users/azasorin/Documents/Projects/meditor/ui/src/app/core/mock-data/content-type.mock.ts">
          <metrics statements="1" coveredstatements="1" conditionals="0" coveredconditionals="0" methods="0" coveredmethods="0"/>
          <line num="3" count="1" type="stmt"/>
        </file>
      </package>
      <package name="ui.src.app.core.reducers">
        <metrics statements="19" coveredstatements="17" conditionals="8" coveredconditionals="6" methods="5" coveredmethods="4"/>
        <file name="layout.ts" path="/Users/azasorin/Documents/Projects/meditor/ui/src/app/core/reducers/layout.ts">
          <metrics statements="8" coveredstatements="6" conditionals="4" coveredconditionals="2" methods="2" coveredmethods="1"/>
          <line num="1" count="3" type="stmt"/>
          <line num="7" count="3" type="stmt"/>
          <line num="11" count="3" type="stmt"/>
          <line num="15" count="11" type="stmt"/>
          <line num="17" count="0" type="stmt"/>
          <line num="22" count="0" type="stmt"/>
          <line num="27" count="11" type="stmt"/>
          <line num="31" count="3" type="stmt"/>
        </file>
        <file name="model.reducer.ts" path="/Users/azasorin/Documents/Projects/meditor/ui/src/app/core/reducers/model.reducer.ts">
          <metrics statements="11" coveredstatements="11" conditionals="4" coveredconditionals="4" methods="3" coveredmethods="3"/>
          <line num="1" count="4" type="stmt"/>
          <line num="2" count="4" type="stmt"/>
          <line num="9" count="4" type="stmt"/>
          <line num="10" count="4" type="stmt"/>
          <line num="14" count="4" type="stmt"/>
          <line num="18" count="4" type="stmt"/>
          <line num="22" count="15" type="stmt"/>
          <line num="24" count="2" type="stmt"/>
          <line num="27" count="3" type="stmt"/>
          <line num="33" count="10" type="stmt"/>
          <line num="37" count="4" type="stmt"/>
        </file>
      </package>
      <package name="ui.src.app.core.services.content-type">
        <metrics statements="13" coveredstatements="8" conditionals="5" coveredconditionals="2" methods="5" coveredmethods="1"/>
        <file name="content-type.service.ts" path="/Users/azasorin/Documents/Projects/meditor/ui/src/app/core/services/content-type/content-type.service.ts">
          <metrics statements="13" coveredstatements="8" conditionals="5" coveredconditionals="2" methods="5" coveredmethods="1"/>
          <line num="1" count="1" type="stmt"/>
          <line num="2" count="1" type="stmt"/>
          <line num="3" count="1" type="stmt"/>
          <line num="6" count="1" type="stmt"/>
          <line num="13" count="1" type="stmt"/>
          <line num="16" count="1" type="stmt"/>
          <line num="18" count="1" type="stmt"/>
          <line num="20" count="1" type="cond" truecount="2" falsecount="1"/>
          <line num="23" count="0" type="stmt"/>
          <line num="25" count="0" type="cond" truecount="0" falsecount="2"/>
          <line num="29" count="0" type="stmt"/>
          <line num="30" count="0" type="stmt"/>
          <line num="31" count="0" type="stmt"/>
        </file>
      </package>
      <package name="ui.src.app.reducers">
        <metrics statements="22" coveredstatements="18" conditionals="2" coveredconditionals="1" methods="4" coveredmethods="2"/>
        <file name="index.ts" path="/Users/azasorin/Documents/Projects/meditor/ui/src/app/reducers/index.ts">
          <metrics statements="22" coveredstatements="18" conditionals="2" coveredconditionals="1" methods="4" coveredmethods="2"/>
          <line num="1" count="3" type="stmt"/>
          <line num="8" count="3" type="stmt"/>
          <line num="10" count="3" type="stmt"/>
          <line num="17" count="3" type="stmt"/>
          <line num="26" count="3" type="stmt"/>
          <line num="27" count="3" type="stmt"/>
          <line num="48" count="3" type="stmt"/>
          <line num="55" count="3" type="stmt"/>
          <line num="56" count="0" type="stmt"/>
          <line num="57" count="0" type="stmt"/>
          <line num="58" count="0" type="stmt"/>
          <line num="60" count="0" type="stmt"/>
          <line num="69" count="3" type="stmt"/>
          <line num="76" count="3" type="stmt"/>
          <line num="78" count="3" type="stmt"/>
          <line num="87" count="3" type="stmt"/>
          <line num="90" count="3" type="stmt"/>
          <line num="92" count="1" type="stmt"/>
          <line num="95" count="3" type="stmt"/>
          <line num="100" count="3" type="stmt"/>
          <line num="107" count="3" type="stmt"/>
          <line num="110" count="1" type="stmt"/>
        </file>
      </package>
      <package name="ui.src.app.search.actions">
        <metrics statements="13" coveredstatements="9" conditionals="2" coveredconditionals="2" methods="4" coveredmethods="2"/>
        <file name="result.actions.ts" path="/Users/azasorin/Documents/Projects/meditor/ui/src/app/search/actions/result.actions.ts">
          <metrics statements="13" coveredstatements="9" conditionals="2" coveredconditionals="2" methods="4" coveredmethods="2"/>
          <line num="4" count="1" type="cond" truecount="2" falsecount="0"/>
          <line num="5" count="1" type="stmt"/>
          <line num="6" count="1" type="stmt"/>
          <line num="7" count="1" type="stmt"/>
          <line num="17" count="1" type="stmt"/>
          <line num="18" count="3" type="stmt"/>
          <line num="20" count="3" type="stmt"/>
          <line num="23" count="1" type="stmt"/>
          <line num="24" count="0" type="stmt"/>
          <line num="26" count="0" type="stmt"/>
          <line num="29" count="1" type="stmt"/>
          <line num="30" count="0" type="stmt"/>
          <line num="32" count="0" type="stmt"/>
        </file>
      </package>
      <package name="ui.src.app.search.components.search-bar">
        <metrics statements="11" coveredstatements="9" conditionals="3" coveredconditionals="1" methods="2" coveredmethods="0"/>
        <file name="search-bar.component.html" path="/Users/azasorin/Documents/Projects/meditor/ui/src/app/search/components/search-bar/search-bar.component.html">
          <metrics statements="1" coveredstatements="1" conditionals="0" coveredconditionals="0" methods="0" coveredmethods="0"/>
          <line num="1" count="1" type="stmt"/>
        </file>
        <file name="search-bar.component.ts" path="/Users/azasorin/Documents/Projects/meditor/ui/src/app/search/components/search-bar/search-bar.component.ts">
          <metrics statements="10" coveredstatements="8" conditionals="3" coveredconditionals="1" methods="2" coveredmethods="0"/>
          <line num="1" count="1" type="stmt"/>
          <line num="2" count="1" type="stmt"/>
          <line num="3" count="1" type="stmt"/>
          <line num="10" count="1" type="stmt"/>
          <line num="11" count="1" type="stmt"/>
          <line num="12" count="1" type="cond" truecount="1" falsecount="2"/>
          <line num="13" count="1" type="stmt"/>
          <line num="14" count="1" type="stmt"/>
          <line num="16" count="0" type="stmt"/>
          <line num="19" count="0" type="stmt"/>
        </file>
      </package>
      <package name="ui.src.app.search.components.search-result">
        <metrics statements="5" coveredstatements="5" conditionals="3" coveredconditionals="1" methods="2" coveredmethods="2"/>
        <file name="search-result.component.html" path="/Users/azasorin/Documents/Projects/meditor/ui/src/app/search/components/search-result/search-result.component.html">
          <metrics statements="1" coveredstatements="1" conditionals="0" coveredconditionals="0" methods="0" coveredmethods="0"/>
          <line num="1" count="1" type="stmt"/>
        </file>
        <file name="search-result.component.ts" path="/Users/azasorin/Documents/Projects/meditor/ui/src/app/search/components/search-result/search-result.component.ts">
          <metrics statements="4" coveredstatements="4" conditionals="3" coveredconditionals="1" methods="2" coveredmethods="2"/>
          <line num="1" count="1" type="stmt"/>
          <line num="2" count="1" type="stmt"/>
          <line num="9" count="1" type="stmt"/>
          <line num="11" count="1" type="cond" truecount="1" falsecount="2"/>
        </file>
      </package>
      <package name="ui.src.app.search.components.search-result-list">
        <metrics statements="4" coveredstatements="4" conditionals="0" coveredconditionals="0" methods="2" coveredmethods="0"/>
        <file name="search-result-list.component.html" path="/Users/azasorin/Documents/Projects/meditor/ui/src/app/search/components/search-result-list/search-result-list.component.html">
          <metrics statements="1" coveredstatements="1" conditionals="0" coveredconditionals="0" methods="0" coveredmethods="0"/>
          <line num="1" count="1" type="stmt"/>
        </file>
        <file name="search-result-list.component.ts" path="/Users/azasorin/Documents/Projects/meditor/ui/src/app/search/components/search-result-list/search-result-list.component.ts">
          <metrics statements="3" coveredstatements="3" conditionals="0" coveredconditionals="0" methods="2" coveredmethods="0"/>
          <line num="1" count="1" type="stmt"/>
          <line num="9" count="1" type="stmt"/>
          <line num="11" count="1" type="stmt"/>
        </file>
      </package>
      <package name="ui.src.app.search.containers">
        <metrics statements="23" coveredstatements="20" conditionals="18" coveredconditionals="14" methods="7" coveredmethods="5"/>
        <file name="search-page.component.ts" path="/Users/azasorin/Documents/Projects/meditor/ui/src/app/search/containers/search-page.component.ts">
          <metrics statements="23" coveredstatements="20" conditionals="18" coveredconditionals="14" methods="7" coveredmethods="5"/>
          <line num="1" count="1" type="stmt"/>
          <line num="3" count="1" type="stmt"/>
          <line num="4" count="1" type="stmt"/>
          <line num="5" count="1" type="stmt"/>
          <line num="9" count="1" type="stmt"/>
          <line num="10" count="1" type="stmt"/>
          <line num="11" count="1" type="stmt"/>
          <line num="35" count="1" type="stmt"/>
          <line num="41" count="3" type="cond" truecount="6" falsecount="2"/>
          <line num="42" count="3" type="cond" truecount="4" falsecount="1"/>
          <line num="43" count="3" type="cond" truecount="4" falsecount="1"/>
          <line num="44" count="3" type="stmt"/>
          <line num="46" count="3" type="stmt"/>
          <line num="47" count="3" type="stmt"/>
          <line num="48" count="3" type="stmt"/>
          <line num="54" count="1" type="stmt"/>
          <line num="55" count="1" type="stmt"/>
          <line num="56" count="1" type="stmt"/>
          <line num="61" count="2" type="stmt"/>
          <line num="65" count="2" type="stmt"/>
          <line num="69" count="0" type="stmt"/>
          <line num="70" count="0" type="stmt"/>
          <line num="74" count="0" type="stmt"/>
        </file>
      </package>
      <package name="ui.src.app.search.reducers">
        <metrics statements="17" coveredstatements="14" conditionals="3" coveredconditionals="0" methods="1" coveredmethods="0"/>
        <file name="index.ts" path="/Users/azasorin/Documents/Projects/meditor/ui/src/app/search/reducers/index.ts">
          <metrics statements="8" coveredstatements="8" conditionals="0" coveredconditionals="0" methods="0" coveredmethods="0"/>
          <line num="1" count="1" type="stmt"/>
          <line num="6" count="1" type="stmt"/>
          <line num="12" count="1" type="stmt"/>
          <line num="16" count="1" type="stmt"/>
          <line num="18" count="1" type="stmt"/>
          <line num="22" count="1" type="stmt"/>
          <line num="26" count="1" type="stmt"/>
          <line num="30" count="1" type="stmt"/>
        </file>
        <file name="results.reducer.ts" path="/Users/azasorin/Documents/Projects/meditor/ui/src/app/search/reducers/results.reducer.ts">
          <metrics statements="9" coveredstatements="6" conditionals="3" coveredconditionals="0" methods="1" coveredmethods="0"/>
          <line num="1" count="1" type="stmt"/>
          <line num="3" count="1" type="stmt"/>
          <line num="24" count="1" type="stmt"/>
          <line num="33" count="1" type="stmt"/>
          <line num="37" count="1" type="stmt"/>
          <line num="41" count="0" type="stmt"/>
          <line num="50" count="0" type="stmt"/>
          <line num="54" count="0" type="stmt"/>
          <line num="59" count="1" type="stmt"/>
        </file>
      </package>
      <package name="ui.src.app.shared.pipes">
        <metrics statements="17" coveredstatements="17" conditionals="9" coveredconditionals="9" methods="2" coveredmethods="2"/>
        <file name="add-commas.ts" path="/Users/azasorin/Documents/Projects/meditor/ui/src/app/shared/pipes/add-commas.ts">
          <metrics statements="11" coveredstatements="11" conditionals="6" coveredconditionals="6" methods="1" coveredmethods="1"/>
          <line num="1" count="1" type="stmt"/>
          <line num="4" count="1" type="stmt"/>
          <line num="6" count="5" type="cond" truecount="2" falsecount="0"/>
          <line num="7" count="1" type="stmt"/>
          <line num="10" count="4" type="stmt"/>
          <line num="12" count="1" type="stmt"/>
          <line num="14" count="1" type="stmt"/>
          <line num="16" count="1" type="stmt"/>
          <line num="18" count="1" type="stmt"/>
          <line num="19" count="1" type="stmt"/>
          <line num="20" count="1" type="stmt"/>
        </file>
        <file name="ellipsis.ts" path="/Users/azasorin/Documents/Projects/meditor/ui/src/app/shared/pipes/ellipsis.ts">
          <metrics statements="6" coveredstatements="6" conditionals="3" coveredconditionals="3" methods="1" coveredmethods="1"/>
          <line num="1" count="1" type="stmt"/>
          <line num="4" count="1" type="stmt"/>
          <line num="6" count="3" type="stmt"/>
          <line num="8" count="3" type="cond" truecount="2" falsecount="0"/>
          <line num="9" count="2" type="stmt"/>
          <line num="12" count="1" type="stmt"/>
        </file>
      </package>
      <package name="ui.src.environments">
        <metrics statements="1" coveredstatements="1" conditionals="0" coveredconditionals="0" methods="0" coveredmethods="0"/>
        <file name="environment.ts" path="/Users/azasorin/Documents/Projects/meditor/ui/src/environments/environment.ts">
          <metrics statements="1" coveredstatements="1" conditionals="0" coveredconditionals="0" methods="0" coveredmethods="0"/>
          <line num="6" count="3" type="stmt"/>
        </file>
      </package>
    </metrics>
  </project>
</coverage>
