{"/Users/azasorin/Documents/Projects/meditor/ui/setup-jest.ts": {"path":"/Users/azasorin/Documents/Projects/meditor/ui/setup-jest.ts","statementMap":{"0":{"start":{"line":1,"column":0},"end":{"line":1,"column":29}},"1":{"start":{"line":2,"column":0},"end":{"line":2,"column":25}},"2":{"start":{"line":4,"column":0},"end":{"line":4,"column":21}},"3":{"start":{"line":6,"column":0},"end":{"line":13,"column":3}},"4":{"start":{"line":8,"column":4},"end":{"line":11,"column":6}}},"fnMap":{"0":{"name":"(anonymous_0)","decl":{"start":{"line":7,"column":9},"end":{"line":7,"column":11}},"loc":{"start":{"line":7,"column":14},"end":{"line":12,"column":3}}}},"branchMap":{},"s":{"0":14,"1":14,"2":14,"3":14,"4":0},"f":{"0":0},"b":{}}
,"/Users/azasorin/Documents/Projects/meditor/ui/src/app/auth/actions/auth.ts": {"path":"/Users/azasorin/Documents/Projects/meditor/ui/src/app/auth/actions/auth.ts","statementMap":{"0":{"start":{"line":4,"column":0},"end":{"line":10,"column":1}},"1":{"start":{"line":5,"column":2},"end":{"line":5,"column":28}},"2":{"start":{"line":6,"column":2},"end":{"line":6,"column":26}},"3":{"start":{"line":7,"column":2},"end":{"line":7,"column":39}},"4":{"start":{"line":8,"column":2},"end":{"line":8,"column":39}},"5":{"start":{"line":9,"column":2},"end":{"line":9,"column":41}},"6":{"start":{"line":13,"column":11},"end":{"line":13,"column":42}},"7":{"start":{"line":12,"column":0},"end":{"line":14,"column":1}},"8":{"start":{"line":19,"column":21},"end":{"line":19,"column":44}},"9":{"start":{"line":17,"column":11},"end":{"line":17,"column":47}},"10":{"start":{"line":16,"column":0},"end":{"line":20,"column":1}},"11":{"start":{"line":25,"column":21},"end":{"line":25,"column":33}},"12":{"start":{"line":23,"column":11},"end":{"line":23,"column":47}},"13":{"start":{"line":22,"column":0},"end":{"line":26,"column":1}},"14":{"start":{"line":29,"column":11},"end":{"line":29,"column":48}},"15":{"start":{"line":28,"column":0},"end":{"line":30,"column":1}},"16":{"start":{"line":33,"column":11},"end":{"line":33,"column":41}},"17":{"start":{"line":32,"column":0},"end":{"line":34,"column":1}}},"fnMap":{"0":{"name":"(anonymous_0)","decl":{"start":{"line":4,"column":0},"end":{"line":4,"column":11}},"loc":{"start":{"line":4,"column":27},"end":{"line":10,"column":1}}},"1":{"name":"(anonymous_1)","decl":{"start":{"line":12,"column":0},"end":{"line":null,"column":-1}},"loc":{"start":{"line":12,"column":0},"end":{"line":14,"column":1}}},"2":{"name":"(anonymous_2)","decl":{"start":{"line":19,"column":2},"end":{"line":19,"column":20}},"loc":{"start":{"line":19,"column":44},"end":{"line":19,"column":48}}},"3":{"name":"(anonymous_3)","decl":{"start":{"line":25,"column":2},"end":{"line":25,"column":20}},"loc":{"start":{"line":25,"column":33},"end":{"line":25,"column":37}}},"4":{"name":"(anonymous_4)","decl":{"start":{"line":28,"column":0},"end":{"line":null,"column":-1}},"loc":{"start":{"line":28,"column":0},"end":{"line":30,"column":1}}},"5":{"name":"(anonymous_5)","decl":{"start":{"line":32,"column":0},"end":{"line":null,"column":-1}},"loc":{"start":{"line":32,"column":0},"end":{"line":34,"column":1}}}},"branchMap":{"0":{"loc":{"start":{"line":4,"column":12},"end":{"line":4,"column":27}},"type":"binary-expr","locations":[{"start":{"line":4,"column":12},"end":{"line":4,"column":27}},{"start":{"line":4,"column":12},"end":{"line":4,"column":27}}]}},"s":{"0":4,"1":4,"2":4,"3":4,"4":4,"5":4,"6":1,"7":4,"8":2,"9":2,"10":4,"11":1,"12":1,"13":4,"14":0,"15":4,"16":1,"17":4},"f":{"0":4,"1":1,"2":2,"3":1,"4":0,"5":1},"b":{"0":[4,4]}}
,"/Users/azasorin/Documents/Projects/meditor/ui/src/app/auth/components/login.component.ts": {"path":"/Users/azasorin/Documents/Projects/meditor/ui/src/app/auth/components/login.component.ts","statementMap":{"0":{"start":{"line":1,"column":0},"end":{"line":1,"column":78}},"1":{"start":{"line":4,"column":0},"end":{"line":4,"column":43}},"2":{"start":{"line":6,"column":0},"end":{"line":6,"column":39}},"3":{"start":{"line":7,"column":0},"end":{"line":7,"column":39}},"4":{"start":{"line":16,"column":0},"end":{"line":40,"column":1}},"5":{"start":{"line":21,"column":21},"end":{"line":21,"column":49}},"6":{"start":{"line":22,"column":2},"end":{"line":22,"column":63}},"7":{"start":{"line":23,"column":2},"end":{"line":23,"column":52}},"8":{"start":{"line":27,"column":2},"end":{"line":27,"column":42}},"9":{"start":{"line":31,"column":2},"end":{"line":31,"column":48}},"10":{"start":{"line":16,"column":13},"end":{"line":40,"column":1}},"11":{"start":{"line":16,"column":13},"end":{"line":16,"column":27}}},"fnMap":{"0":{"name":"(anonymous_2)","decl":{"start":{"line":21,"column":1},"end":{"line":21,"column":20}},"loc":{"start":{"line":21,"column":49},"end":{"line":24,"column":2}}},"1":{"name":"(anonymous_3)","decl":{"start":{"line":26,"column":1},"end":{"line":26,"column":8}},"loc":{"start":{"line":26,"column":9},"end":{"line":28,"column":2}}},"2":{"name":"(anonymous_4)","decl":{"start":{"line":30,"column":1},"end":{"line":30,"column":5}},"loc":{"start":{"line":30,"column":6},"end":{"line":33,"column":2}}}},"branchMap":{"0":{"loc":{"start":{"line":21,"column":33},"end":{"line":null,"column":-1}},"type":"binary-expr","locations":[{"start":{"line":21,"column":33},"end":{"line":null,"column":-1}},{"start":{"line":21,"column":33},"end":{"line":null,"column":-1}}]},"1":{"loc":{"start":{"line":21,"column":28},"end":{"line":21,"column":33}},"type":"binary-expr","locations":[{"start":{"line":21,"column":28},"end":{"line":21,"column":33}}]}},"s":{"0":1,"1":1,"2":1,"3":1,"4":1,"5":1,"6":1,"7":1,"8":1,"9":0,"10":1,"11":1},"f":{"0":1,"1":1,"2":0},"b":{"0":[1,0],"1":[1]}}
,"/Users/azasorin/Documents/Projects/meditor/ui/src/app/auth/containers/login-page.component.ts": {"path":"/Users/azasorin/Documents/Projects/meditor/ui/src/app/auth/containers/login-page.component.ts","statementMap":{"0":{"start":{"line":1,"column":0},"end":{"line":1,"column":49}},"1":{"start":{"line":29,"column":0},"end":{"line":34,"column":1}},"2":{"start":{"line":29,"column":13},"end":{"line":34,"column":1}},"3":{"start":{"line":29,"column":13},"end":{"line":29,"column":31}}},"fnMap":{"0":{"name":"(anonymous_1)","decl":{"start":{"line":32,"column":1},"end":{"line":32,"column":8}},"loc":{"start":{"line":32,"column":9},"end":{"line":32,"column":14}}}},"branchMap":{},"s":{"0":1,"1":1,"2":1,"3":1},"f":{"0":1},"b":{}}
,"/Users/azasorin/Documents/Projects/meditor/ui/src/app/auth/reducers/auth.ts": {"path":"/Users/azasorin/Documents/Projects/meditor/ui/src/app/auth/reducers/auth.ts","statementMap":{"0":{"start":{"line":1,"column":0},"end":{"line":1,"column":64}},"1":{"start":{"line":9,"column":13},"end":{"line":12,"column":2}},"2":{"start":{"line":15,"column":2},"end":{"line":31,"column":3}},"3":{"start":{"line":17,"column":6},"end":{"line":21,"column":8}},"4":{"start":{"line":25,"column":6},"end":{"line":25,"column":26}},"5":{"start":{"line":29,"column":6},"end":{"line":29,"column":19}},"6":{"start":{"line":14,"column":0},"end":{"line":32,"column":1}},"7":{"start":{"line":34,"column":13},"end":{"line":34,"column":60}},"8":{"start":{"line":34,"column":45},"end":{"line":34,"column":59}},"9":{"start":{"line":35,"column":13},"end":{"line":35,"column":52}},"10":{"start":{"line":35,"column":41},"end":{"line":35,"column":51}}},"fnMap":{"0":{"name":"reducer","decl":{"start":{"line":14,"column":0},"end":{"line":14,"column":23}},"loc":{"start":{"line":14,"column":65},"end":{"line":32,"column":1}}},"1":{"name":"(anonymous_1)","decl":{"start":{"line":34,"column":27},"end":{"line":34,"column":28}},"loc":{"start":{"line":34,"column":45},"end":{"line":34,"column":59}}},"2":{"name":"(anonymous_2)","decl":{"start":{"line":35,"column":23},"end":{"line":35,"column":24}},"loc":{"start":{"line":35,"column":41},"end":{"line":35,"column":51}}}},"branchMap":{"0":{"loc":{"start":{"line":14,"column":32},"end":{"line":14,"column":44}},"type":"default-arg","locations":[{"start":{"line":14,"column":32},"end":{"line":14,"column":44}}]},"1":{"loc":{"start":{"line":16,"column":4},"end":{"line":22,"column":5}},"type":"switch","locations":[{"start":{"line":16,"column":4},"end":{"line":22,"column":5}},{"start":{"line":24,"column":4},"end":{"line":26,"column":5}},{"start":{"line":28,"column":4},"end":{"line":30,"column":5}}]}},"s":{"0":3,"1":3,"2":6,"3":1,"4":1,"5":4,"6":3,"7":3,"8":0,"9":3,"10":1},"f":{"0":6,"1":0,"2":1},"b":{"0":[3],"1":[1,1,4]}}
,"/Users/azasorin/Documents/Projects/meditor/ui/src/app/auth/reducers/index.ts": {"path":"/Users/azasorin/Documents/Projects/meditor/ui/src/app/auth/reducers/index.ts","statementMap":{"0":{"start":{"line":1,"column":0},"end":{"line":1,"column":67}},"1":{"start":{"line":3,"column":0},"end":{"line":3,"column":34}},"2":{"start":{"line":4,"column":0},"end":{"line":4,"column":45}},"3":{"start":{"line":15,"column":13},"end":{"line":18,"column":2}},"4":{"start":{"line":20,"column":13},"end":{"line":20,"column":72}},"5":{"start":{"line":22,"column":13},"end":{"line":25,"column":2}},"6":{"start":{"line":24,"column":24},"end":{"line":24,"column":36}},"7":{"start":{"line":26,"column":13},"end":{"line":29,"column":2}},"8":{"start":{"line":30,"column":13},"end":{"line":30,"column":79}},"9":{"start":{"line":32,"column":13},"end":{"line":35,"column":2}},"10":{"start":{"line":34,"column":24},"end":{"line":34,"column":39}},"11":{"start":{"line":36,"column":13},"end":{"line":39,"column":2}},"12":{"start":{"line":40,"column":13},"end":{"line":43,"column":2}}},"fnMap":{"0":{"name":"(anonymous_0)","decl":{"start":{"line":24,"column":2},"end":{"line":24,"column":3}},"loc":{"start":{"line":24,"column":24},"end":{"line":24,"column":36}}},"1":{"name":"(anonymous_1)","decl":{"start":{"line":34,"column":2},"end":{"line":34,"column":3}},"loc":{"start":{"line":34,"column":24},"end":{"line":34,"column":39}}}},"branchMap":{},"s":{"0":2,"1":2,"2":2,"3":2,"4":2,"5":2,"6":1,"7":2,"8":2,"9":2,"10":0,"11":2,"12":2},"f":{"0":1,"1":0},"b":{}}
,"/Users/azasorin/Documents/Projects/meditor/ui/src/app/auth/reducers/login-page.ts": {"path":"/Users/azasorin/Documents/Projects/meditor/ui/src/app/auth/reducers/login-page.ts","statementMap":{"0":{"start":{"line":1,"column":0},"end":{"line":1,"column":64}},"1":{"start":{"line":8,"column":13},"end":{"line":11,"column":2}},"2":{"start":{"line":14,"column":2},"end":{"line":42,"column":3}},"3":{"start":{"line":16,"column":6},"end":{"line":20,"column":8}},"4":{"start":{"line":24,"column":6},"end":{"line":28,"column":8}},"5":{"start":{"line":32,"column":6},"end":{"line":36,"column":8}},"6":{"start":{"line":40,"column":6},"end":{"line":40,"column":19}},"7":{"start":{"line":13,"column":0},"end":{"line":43,"column":1}},"8":{"start":{"line":45,"column":13},"end":{"line":45,"column":54}},"9":{"start":{"line":45,"column":42},"end":{"line":45,"column":53}},"10":{"start":{"line":46,"column":13},"end":{"line":46,"column":58}},"11":{"start":{"line":46,"column":44},"end":{"line":46,"column":57}}},"fnMap":{"0":{"name":"reducer","decl":{"start":{"line":13,"column":0},"end":{"line":13,"column":23}},"loc":{"start":{"line":13,"column":65},"end":{"line":43,"column":1}}},"1":{"name":"(anonymous_1)","decl":{"start":{"line":45,"column":24},"end":{"line":45,"column":25}},"loc":{"start":{"line":45,"column":42},"end":{"line":45,"column":53}}},"2":{"name":"(anonymous_2)","decl":{"start":{"line":46,"column":26},"end":{"line":46,"column":27}},"loc":{"start":{"line":46,"column":44},"end":{"line":46,"column":57}}}},"branchMap":{"0":{"loc":{"start":{"line":13,"column":32},"end":{"line":13,"column":44}},"type":"default-arg","locations":[{"start":{"line":13,"column":32},"end":{"line":13,"column":44}}]},"1":{"loc":{"start":{"line":15,"column":4},"end":{"line":21,"column":5}},"type":"switch","locations":[{"start":{"line":15,"column":4},"end":{"line":21,"column":5}},{"start":{"line":23,"column":4},"end":{"line":29,"column":5}},{"start":{"line":31,"column":4},"end":{"line":37,"column":5}},{"start":{"line":39,"column":4},"end":{"line":41,"column":5}}]}},"s":{"0":3,"1":3,"2":6,"3":1,"4":1,"5":1,"6":3,"7":3,"8":3,"9":0,"10":3,"11":0},"f":{"0":6,"1":0,"2":0},"b":{"0":[3],"1":[1,1,1,3]}}
,"/Users/azasorin/Documents/Projects/meditor/ui/src/app/core/actions/layout.ts": {"path":"/Users/azasorin/Documents/Projects/meditor/ui/src/app/core/actions/layout.ts","statementMap":{"0":{"start":{"line":3,"column":0},"end":{"line":6,"column":1}},"1":{"start":{"line":4,"column":2},"end":{"line":4,"column":39}},"2":{"start":{"line":5,"column":2},"end":{"line":5,"column":41}},"3":{"start":{"line":9,"column":11},"end":{"line":9,"column":48}},"4":{"start":{"line":8,"column":0},"end":{"line":10,"column":1}},"5":{"start":{"line":13,"column":11},"end":{"line":13,"column":49}},"6":{"start":{"line":12,"column":0},"end":{"line":14,"column":1}}},"fnMap":{"0":{"name":"(anonymous_0)","decl":{"start":{"line":3,"column":0},"end":{"line":3,"column":11}},"loc":{"start":{"line":3,"column":29},"end":{"line":6,"column":1}}},"1":{"name":"(anonymous_1)","decl":{"start":{"line":8,"column":0},"end":{"line":null,"column":-1}},"loc":{"start":{"line":8,"column":0},"end":{"line":10,"column":1}}},"2":{"name":"(anonymous_2)","decl":{"start":{"line":12,"column":0},"end":{"line":null,"column":-1}},"loc":{"start":{"line":12,"column":0},"end":{"line":14,"column":1}}}},"branchMap":{"0":{"loc":{"start":{"line":3,"column":12},"end":{"line":3,"column":29}},"type":"binary-expr","locations":[{"start":{"line":3,"column":12},"end":{"line":3,"column":29}},{"start":{"line":3,"column":12},"end":{"line":3,"column":29}}]}},"s":{"0":3,"1":3,"2":3,"3":0,"4":3,"5":0,"6":3},"f":{"0":3,"1":0,"2":0},"b":{"0":[3,3]}}
,"/Users/azasorin/Documents/Projects/meditor/ui/src/app/core/actions/model.actions.ts": {"path":"/Users/azasorin/Documents/Projects/meditor/ui/src/app/core/actions/model.actions.ts","statementMap":{"0":{"start":{"line":4,"column":0},"end":{"line":9,"column":1}},"1":{"start":{"line":5,"column":1},"end":{"line":5,"column":44}},"2":{"start":{"line":6,"column":1},"end":{"line":6,"column":36}},"3":{"start":{"line":7,"column":1},"end":{"line":7,"column":39}},"4":{"start":{"line":8,"column":1},"end":{"line":8,"column":33}},"5":{"start":{"line":14,"column":20},"end":{"line":14,"column":35}},"6":{"start":{"line":12,"column":10},"end":{"line":12,"column":46}},"7":{"start":{"line":11,"column":0},"end":{"line":15,"column":1}},"8":{"start":{"line":18,"column":10},"end":{"line":18,"column":39}},"9":{"start":{"line":17,"column":0},"end":{"line":21,"column":1}},"10":{"start":{"line":26,"column":20},"end":{"line":26,"column":36}},"11":{"start":{"line":24,"column":10},"end":{"line":24,"column":47}},"12":{"start":{"line":23,"column":0},"end":{"line":27,"column":1}},"13":{"start":{"line":32,"column":20},"end":{"line":32,"column":32}},"14":{"start":{"line":30,"column":10},"end":{"line":30,"column":44}},"15":{"start":{"line":29,"column":0},"end":{"line":33,"column":1}}},"fnMap":{"0":{"name":"(anonymous_0)","decl":{"start":{"line":4,"column":0},"end":{"line":4,"column":11}},"loc":{"start":{"line":4,"column":28},"end":{"line":9,"column":1}}},"1":{"name":"(anonymous_1)","decl":{"start":{"line":14,"column":1},"end":{"line":14,"column":19}},"loc":{"start":{"line":14,"column":35},"end":{"line":14,"column":40}}},"2":{"name":"(anonymous_2)","decl":{"start":{"line":20,"column":1},"end":{"line":null,"column":-1}},"loc":{"start":{"line":20,"column":1},"end":{"line":20,"column":18}}},"3":{"name":"(anonymous_3)","decl":{"start":{"line":26,"column":1},"end":{"line":26,"column":19}},"loc":{"start":{"line":26,"column":36},"end":{"line":26,"column":40}}},"4":{"name":"(anonymous_4)","decl":{"start":{"line":32,"column":1},"end":{"line":32,"column":19}},"loc":{"start":{"line":32,"column":32},"end":{"line":32,"column":36}}}},"branchMap":{"0":{"loc":{"start":{"line":4,"column":12},"end":{"line":4,"column":28}},"type":"binary-expr","locations":[{"start":{"line":4,"column":12},"end":{"line":4,"column":28}},{"start":{"line":4,"column":12},"end":{"line":4,"column":28}}]}},"s":{"0":4,"1":4,"2":4,"3":4,"4":4,"5":4,"6":4,"7":4,"8":3,"9":4,"10":2,"11":2,"12":4,"13":0,"14":0,"15":4},"f":{"0":4,"1":4,"2":3,"3":2,"4":0},"b":{"0":[4,4]}}
,"/Users/azasorin/Documents/Projects/meditor/ui/src/app/core/components/model-button/model-button.component.ts": {"path":"/Users/azasorin/Documents/Projects/meditor/ui/src/app/core/components/model-button/model-button.component.ts","statementMap":{"0":{"start":{"line":1,"column":0},"end":{"line":1,"column":78}},"1":{"start":{"line":2,"column":0},"end":{"line":2,"column":52}},"2":{"start":{"line":4,"column":0},"end":{"line":4,"column":27}},"3":{"start":{"line":10,"column":0},"end":{"line":21,"column":1}},"4":{"start":{"line":12,"column":11},"end":{"line":12,"column":50}},"5":{"start":{"line":17,"column":2},"end":{"line":19,"column":3}},"6":{"start":{"line":18,"column":3},"end":{"line":18,"column":24}},"7":{"start":{"line":11,"column":10},"end":{"line":11,"column":29}},"8":{"start":{"line":10,"column":13},"end":{"line":21,"column":1}},"9":{"start":{"line":10,"column":13},"end":{"line":10,"column":33}}},"fnMap":{"0":{"name":"(anonymous_2)","decl":{"start":{"line":14,"column":1},"end":{"line":null,"column":-1}},"loc":{"start":{"line":14,"column":1},"end":{"line":14,"column":18}}},"1":{"name":"(anonymous_3)","decl":{"start":{"line":16,"column":1},"end":{"line":16,"column":8}},"loc":{"start":{"line":16,"column":9},"end":{"line":20,"column":2}}}},"branchMap":{"0":{"loc":{"start":{"line":17,"column":2},"end":{"line":19,"column":3}},"type":"if","locations":[{"start":{"line":17,"column":2},"end":{"line":19,"column":3}},{"start":{"line":17,"column":2},"end":{"line":19,"column":3}}]},"1":{"loc":{"start":{"line":11,"column":28},"end":{"line":null,"column":-1}},"type":"binary-expr","locations":[{"start":{"line":11,"column":28},"end":{"line":null,"column":-1}},{"start":{"line":11,"column":28},"end":{"line":null,"column":-1}}]},"2":{"loc":{"start":{"line":11,"column":23},"end":{"line":11,"column":28}},"type":"binary-expr","locations":[{"start":{"line":11,"column":23},"end":{"line":11,"column":28}}]}},"s":{"0":1,"1":1,"2":1,"3":1,"4":1,"5":0,"6":0,"7":1,"8":1,"9":1},"f":{"0":0,"1":0},"b":{"0":[0,0],"1":[0,1],"2":[0]}}
,"/Users/azasorin/Documents/Projects/meditor/ui/src/app/core/containers/main.ts": {"path":"/Users/azasorin/Documents/Projects/meditor/ui/src/app/core/containers/main.ts","statementMap":{"0":{"start":{"line":1,"column":0},"end":{"line":1,"column":74}},"1":{"start":{"line":2,"column":0},"end":{"line":2,"column":43}},"2":{"start":{"line":5,"column":0},"end":{"line":5,"column":49}},"3":{"start":{"line":21,"column":0},"end":{"line":31,"column":1}},"4":{"start":{"line":23,"column":22},"end":{"line":23,"column":50}},"5":{"start":{"line":28,"column":3},"end":{"line":28,"column":41}},"6":{"start":{"line":21,"column":13},"end":{"line":31,"column":1}},"7":{"start":{"line":21,"column":13},"end":{"line":21,"column":26}}},"fnMap":{"0":{"name":"(anonymous_2)","decl":{"start":{"line":23,"column":2},"end":{"line":23,"column":21}},"loc":{"start":{"line":23,"column":50},"end":{"line":25,"column":3}}},"1":{"name":"(anonymous_3)","decl":{"start":{"line":27,"column":2},"end":{"line":27,"column":9}},"loc":{"start":{"line":27,"column":10},"end":{"line":29,"column":3}}}},"branchMap":{"0":{"loc":{"start":{"line":23,"column":34},"end":{"line":null,"column":-1}},"type":"binary-expr","locations":[{"start":{"line":23,"column":34},"end":{"line":null,"column":-1}},{"start":{"line":23,"column":34},"end":{"line":null,"column":-1}}]},"1":{"loc":{"start":{"line":23,"column":29},"end":{"line":23,"column":34}},"type":"binary-expr","locations":[{"start":{"line":23,"column":29},"end":{"line":23,"column":34}}]}},"s":{"0":1,"1":1,"2":1,"3":1,"4":2,"5":2,"6":1,"7":1},"f":{"0":2,"1":2},"b":{"0":[1,0],"1":[1]}}
,"/Users/azasorin/Documents/Projects/meditor/ui/src/app/core/containers/splash-page.component.ts": {"path":"/Users/azasorin/Documents/Projects/meditor/ui/src/app/core/containers/splash-page.component.ts","statementMap":{"0":{"start":{"line":1,"column":0},"end":{"line":1,"column":56}},"1":{"start":{"line":4,"column":0},"end":{"line":4,"column":40}},"2":{"start":{"line":6,"column":0},"end":{"line":6,"column":43}},"3":{"start":{"line":8,"column":0},"end":{"line":8,"column":43}},"4":{"start":{"line":56,"column":0},"end":{"line":71,"column":1}},"5":{"start":{"line":61,"column":10},"end":{"line":61,"column":39}},"6":{"start":{"line":62,"column":10},"end":{"line":62,"column":24}},"7":{"start":{"line":64,"column":2},"end":{"line":64,"column":60}},"8":{"start":{"line":68,"column":2},"end":{"line":68,"column":75}},"9":{"start":{"line":56,"column":13},"end":{"line":71,"column":1}},"10":{"start":{"line":56,"column":13},"end":{"line":56,"column":32}}},"fnMap":{"0":{"name":"(anonymous_2)","decl":{"start":{"line":60,"column":1},"end":{"line":61,"column":9}},"loc":{"start":{"line":62,"column":24},"end":{"line":65,"column":2}}},"1":{"name":"(anonymous_3)","decl":{"start":{"line":67,"column":1},"end":{"line":67,"column":14}},"loc":{"start":{"line":67,"column":21},"end":{"line":69,"column":2}}}},"branchMap":{"0":{"loc":{"start":{"line":61,"column":22},"end":{"line":62,"column":17}},"type":"binary-expr","locations":[{"start":{"line":61,"column":22},"end":{"line":62,"column":17}},{"start":{"line":61,"column":22},"end":{"line":62,"column":17}}]},"1":{"loc":{"start":{"line":61,"column":17},"end":{"line":61,"column":22}},"type":"binary-expr","locations":[{"start":{"line":61,"column":17},"end":{"line":61,"column":22}}]},"2":{"loc":{"start":{"line":61,"column":22},"end":{"line":62,"column":24}},"type":"binary-expr","locations":[{"start":{"line":61,"column":22},"end":{"line":62,"column":24}},{"start":{"line":62,"column":24},"end":{"line":null,"column":-1}},{"start":{"line":62,"column":24},"end":{"line":null,"column":-1}}]},"3":{"loc":{"start":{"line":61,"column":22},"end":{"line":62,"column":24}},"type":"binary-expr","locations":[{"start":{"line":61,"column":22},"end":{"line":62,"column":24}},{"start":{"line":62,"column":18},"end":{"line":62,"column":24}}]}},"s":{"0":1,"1":1,"2":1,"3":1,"4":1,"5":0,"6":0,"7":0,"8":0,"9":1,"10":1},"f":{"0":0,"1":0},"b":{"0":[1,0],"1":[1],"2":[1,1,0],"3":[1,1]}}
,"/Users/azasorin/Documents/Projects/meditor/ui/src/app/core/mock-data/content-type.mock.ts": {"path":"/Users/azasorin/Documents/Projects/meditor/ui/src/app/core/mock-data/content-type.mock.ts","statementMap":{"0":{"start":{"line":3,"column":13},"end":{"line":76,"column":2}}},"fnMap":{},"branchMap":{},"s":{"0":1},"f":{},"b":{}}
,"/Users/azasorin/Documents/Projects/meditor/ui/src/app/core/reducers/layout.ts": {"path":"/Users/azasorin/Documents/Projects/meditor/ui/src/app/core/reducers/layout.ts","statementMap":{"0":{"start":{"line":1,"column":0},"end":{"line":1,"column":68}},"1":{"start":{"line":7,"column":28},"end":{"line":9,"column":1}},"2":{"start":{"line":15,"column":2},"end":{"line":28,"column":3}},"3":{"start":{"line":17,"column":6},"end":{"line":19,"column":8}},"4":{"start":{"line":22,"column":6},"end":{"line":24,"column":8}},"5":{"start":{"line":27,"column":6},"end":{"line":27,"column":19}},"6":{"start":{"line":11,"column":0},"end":{"line":29,"column":1}},"7":{"start":{"line":31,"column":13},"end":{"line":31,"column":66}},"8":{"start":{"line":31,"column":48},"end":{"line":31,"column":65}}},"fnMap":{"0":{"name":"reducer","decl":{"start":{"line":11,"column":0},"end":{"line":12,"column":1}},"loc":{"start":{"line":13,"column":23},"end":{"line":29,"column":1}}},"1":{"name":"(anonymous_1)","decl":{"start":{"line":31,"column":30},"end":{"line":31,"column":31}},"loc":{"start":{"line":31,"column":48},"end":{"line":31,"column":65}}}},"branchMap":{"0":{"loc":{"start":{"line":12,"column":17},"end":{"line":12,"column":29}},"type":"default-arg","locations":[{"start":{"line":12,"column":17},"end":{"line":12,"column":29}}]},"1":{"loc":{"start":{"line":16,"column":4},"end":{"line":19,"column":8}},"type":"switch","locations":[{"start":{"line":16,"column":4},"end":{"line":19,"column":8}},{"start":{"line":21,"column":4},"end":{"line":24,"column":8}},{"start":{"line":26,"column":4},"end":{"line":27,"column":19}}]}},"s":{"0":3,"1":3,"2":11,"3":0,"4":0,"5":11,"6":3,"7":3,"8":0},"f":{"0":11,"1":0},"b":{"0":[5],"1":[0,0,11]}}
,"/Users/azasorin/Documents/Projects/meditor/ui/src/app/core/reducers/model.reducer.ts": {"path":"/Users/azasorin/Documents/Projects/meditor/ui/src/app/core/reducers/model.reducer.ts","statementMap":{"0":{"start":{"line":1,"column":0},"end":{"line":1,"column":78}},"1":{"start":{"line":2,"column":0},"end":{"line":2,"column":78}},"2":{"start":{"line":9,"column":13},"end":{"line":12,"column":3}},"3":{"start":{"line":10,"column":30},"end":{"line":10,"column":40}},"4":{"start":{"line":14,"column":13},"end":{"line":16,"column":3}},"5":{"start":{"line":22,"column":1},"end":{"line":34,"column":2}},"6":{"start":{"line":24,"column":3},"end":{"line":24,"column":49}},"7":{"start":{"line":27,"column":3},"end":{"line":30,"column":4}},"8":{"start":{"line":33,"column":3},"end":{"line":33,"column":16}},"9":{"start":{"line":18,"column":0},"end":{"line":35,"column":1}},"10":{"start":{"line":37,"column":13},"end":{"line":37,"column":69}},"11":{"start":{"line":37,"column":47},"end":{"line":37,"column":68}}},"fnMap":{"0":{"name":"(anonymous_0)","decl":{"start":{"line":10,"column":12},"end":{"line":10,"column":13}},"loc":{"start":{"line":10,"column":30},"end":{"line":10,"column":40}}},"1":{"name":"reducer","decl":{"start":{"line":18,"column":0},"end":{"line":19,"column":0}},"loc":{"start":{"line":20,"column":26},"end":{"line":35,"column":1}}},"2":{"name":"(anonymous_2)","decl":{"start":{"line":37,"column":29},"end":{"line":37,"column":30}},"loc":{"start":{"line":37,"column":47},"end":{"line":37,"column":68}}}},"branchMap":{"0":{"loc":{"start":{"line":19,"column":16},"end":{"line":19,"column":28}},"type":"default-arg","locations":[{"start":{"line":19,"column":16},"end":{"line":19,"column":28}}]},"1":{"loc":{"start":{"line":23,"column":2},"end":{"line":24,"column":49}},"type":"switch","locations":[{"start":{"line":23,"column":2},"end":{"line":24,"column":49}},{"start":{"line":26,"column":2},"end":{"line":30,"column":4}},{"start":{"line":32,"column":2},"end":{"line":33,"column":16}}]}},"s":{"0":4,"1":4,"2":4,"3":4,"4":4,"5":15,"6":2,"7":3,"8":10,"9":4,"10":4,"11":2},"f":{"0":4,"1":15,"2":2},"b":{"0":[6],"1":[2,3,10]}}
,"/Users/azasorin/Documents/Projects/meditor/ui/src/app/core/services/content-type/content-type.service.ts": {"path":"/Users/azasorin/Documents/Projects/meditor/ui/src/app/core/services/content-type/content-type.service.ts","statementMap":{"0":{"start":{"line":1,"column":0},"end":{"line":1,"column":42}},"1":{"start":{"line":2,"column":0},"end":{"line":2,"column":49}},"2":{"start":{"line":3,"column":0},"end":{"line":3,"column":44}},"3":{"start":{"line":6,"column":0},"end":{"line":6,"column":36}},"4":{"start":{"line":13,"column":0},"end":{"line":13,"column":65}},"5":{"start":{"line":16,"column":0},"end":{"line":34,"column":1}},"6":{"start":{"line":20,"column":24},"end":{"line":20,"column":46}},"7":{"start":{"line":18,"column":19},"end":{"line":18,"column":57}},"8":{"start":{"line":23,"column":4},"end":{"line":25,"column":45}},"9":{"start":{"line":25,"column":25},"end":{"line":25,"column":43}},"10":{"start":{"line":29,"column":2},"end":{"line":32,"column":5}},"11":{"start":{"line":30,"column":5},"end":{"line":30,"column":34}},"12":{"start":{"line":31,"column":5},"end":{"line":31,"column":25}},"13":{"start":{"line":16,"column":13},"end":{"line":34,"column":1}},"14":{"start":{"line":16,"column":13},"end":{"line":16,"column":31}}},"fnMap":{"0":{"name":"(anonymous_2)","decl":{"start":{"line":20,"column":2},"end":{"line":20,"column":23}},"loc":{"start":{"line":20,"column":46},"end":{"line":20,"column":50}}},"1":{"name":"(anonymous_3)","decl":{"start":{"line":22,"column":9},"end":{"line":22,"column":18}},"loc":{"start":{"line":22,"column":19},"end":{"line":26,"column":3}}},"2":{"name":"(anonymous_4)","decl":{"start":{"line":25,"column":15},"end":{"line":25,"column":20}},"loc":{"start":{"line":25,"column":25},"end":{"line":25,"column":43}}},"3":{"name":"(anonymous_5)","decl":{"start":{"line":28,"column":9},"end":{"line":28,"column":23}},"loc":{"start":{"line":28,"column":24},"end":{"line":33,"column":3}}},"4":{"name":"(anonymous_6)","decl":{"start":{"line":29,"column":27},"end":{"line":29,"column":28}},"loc":{"start":{"line":29,"column":57},"end":{"line":32,"column":3}}}},"branchMap":{"0":{"loc":{"start":{"line":25,"column":25},"end":{"line":25,"column":37}},"type":"binary-expr","locations":[{"start":{"line":25,"column":25},"end":{"line":25,"column":37}},{"start":{"line":25,"column":41},"end":{"line":25,"column":43}}]},"1":{"loc":{"start":{"line":20,"column":46},"end":{"line":null,"column":-1}},"type":"binary-expr","locations":[{"start":{"line":20,"column":46},"end":{"line":null,"column":-1}},{"start":{"line":20,"column":46},"end":{"line":null,"column":-1}}]},"2":{"loc":{"start":{"line":20,"column":36},"end":{"line":20,"column":46}},"type":"binary-expr","locations":[{"start":{"line":20,"column":36},"end":{"line":20,"column":46}}]}},"s":{"0":1,"1":1,"2":1,"3":1,"4":1,"5":1,"6":1,"7":1,"8":0,"9":0,"10":0,"11":0,"12":0,"13":1,"14":1},"f":{"0":1,"1":0,"2":0,"3":0,"4":0},"b":{"0":[0,0],"1":[1,0],"2":[1]}}
,"/Users/azasorin/Documents/Projects/meditor/ui/src/app/reducers/index.ts": {"path":"/Users/azasorin/Documents/Projects/meditor/ui/src/app/reducers/index.ts","statementMap":{"0":{"start":{"line":1,"column":0},"end":{"line":7,"column":20}},"1":{"start":{"line":8,"column":0},"end":{"line":8,"column":60}},"2":{"start":{"line":10,"column":0},"end":{"line":10,"column":48}},"3":{"start":{"line":17,"column":0},"end":{"line":17,"column":47}},"4":{"start":{"line":26,"column":0},"end":{"line":26,"column":53}},"5":{"start":{"line":27,"column":0},"end":{"line":27,"column":59}},"6":{"start":{"line":48,"column":13},"end":{"line":52,"column":2}},"7":{"start":{"line":56,"column":1},"end":{"line":61,"column":3}},"8":{"start":{"line":57,"column":2},"end":{"line":57,"column":30}},"9":{"start":{"line":58,"column":2},"end":{"line":58,"column":32}},"10":{"start":{"line":60,"column":2},"end":{"line":60,"column":32}},"11":{"start":{"line":55,"column":0},"end":{"line":62,"column":1}},"12":{"start":{"line":69,"column":13},"end":{"line":71,"column":6}},"13":{"start":{"line":76,"column":13},"end":{"line":76,"column":80}},"14":{"start":{"line":78,"column":13},"end":{"line":81,"column":2}},"15":{"start":{"line":87,"column":13},"end":{"line":87,"column":76}},"16":{"start":{"line":90,"column":13},"end":{"line":93,"column":2}},"17":{"start":{"line":92,"column":10},"end":{"line":92,"column":22}},"18":{"start":{"line":95,"column":13},"end":{"line":98,"column":2}},"19":{"start":{"line":100,"column":13},"end":{"line":105,"column":58}},"20":{"start":{"line":107,"column":13},"end":{"line":111,"column":2}},"21":{"start":{"line":110,"column":29},"end":{"line":110,"column":51}}},"fnMap":{"0":{"name":"logger","decl":{"start":{"line":55,"column":0},"end":{"line":55,"column":22}},"loc":{"start":{"line":55,"column":52},"end":{"line":62,"column":1}}},"1":{"name":"(anonymous_1)","decl":{"start":{"line":56,"column":8},"end":{"line":56,"column":16}},"loc":{"start":{"line":56,"column":42},"end":{"line":61,"column":2}}},"2":{"name":"(anonymous_2)","decl":{"start":{"line":92,"column":1},"end":{"line":92,"column":5}},"loc":{"start":{"line":92,"column":10},"end":{"line":92,"column":22}}},"3":{"name":"(anonymous_3)","decl":{"start":{"line":110,"column":1},"end":{"line":110,"column":2}},"loc":{"start":{"line":110,"column":29},"end":{"line":110,"column":51}}}},"branchMap":{"0":{"loc":{"start":{"line":70,"column":3},"end":{"line":70,"column":24}},"type":"cond-expr","locations":[{"start":{"line":70,"column":3},"end":{"line":70,"column":24}},{"start":{"line":71,"column":3},"end":{"line":71,"column":5}}]}},"s":{"0":3,"1":3,"2":3,"3":3,"4":3,"5":3,"6":3,"7":0,"8":0,"9":0,"10":0,"11":3,"12":3,"13":3,"14":3,"15":3,"16":3,"17":1,"18":3,"19":3,"20":3,"21":1},"f":{"0":0,"1":0,"2":1,"3":1},"b":{"0":[3,0]}}
,"/Users/azasorin/Documents/Projects/meditor/ui/src/app/search/actions/result.actions.ts": {"path":"/Users/azasorin/Documents/Projects/meditor/ui/src/app/search/actions/result.actions.ts","statementMap":{"0":{"start":{"line":4,"column":0},"end":{"line":8,"column":1}},"1":{"start":{"line":5,"column":1},"end":{"line":5,"column":27}},"2":{"start":{"line":6,"column":1},"end":{"line":6,"column":44}},"3":{"start":{"line":7,"column":1},"end":{"line":7,"column":38}},"4":{"start":{"line":20,"column":20},"end":{"line":20,"column":35}},"5":{"start":{"line":18,"column":10},"end":{"line":18,"column":42}},"6":{"start":{"line":17,"column":0},"end":{"line":21,"column":1}},"7":{"start":{"line":26,"column":20},"end":{"line":26,"column":39}},"8":{"start":{"line":24,"column":10},"end":{"line":24,"column":50}},"9":{"start":{"line":23,"column":0},"end":{"line":27,"column":1}},"10":{"start":{"line":32,"column":20},"end":{"line":32,"column":35}},"11":{"start":{"line":30,"column":10},"end":{"line":30,"column":47}},"12":{"start":{"line":29,"column":0},"end":{"line":33,"column":1}}},"fnMap":{"0":{"name":"(anonymous_0)","decl":{"start":{"line":4,"column":0},"end":{"line":4,"column":11}},"loc":{"start":{"line":4,"column":29},"end":{"line":8,"column":1}}},"1":{"name":"(anonymous_1)","decl":{"start":{"line":20,"column":1},"end":{"line":20,"column":19}},"loc":{"start":{"line":20,"column":35},"end":{"line":20,"column":39}}},"2":{"name":"(anonymous_2)","decl":{"start":{"line":26,"column":1},"end":{"line":26,"column":19}},"loc":{"start":{"line":26,"column":39},"end":{"line":26,"column":43}}},"3":{"name":"(anonymous_3)","decl":{"start":{"line":32,"column":1},"end":{"line":32,"column":19}},"loc":{"start":{"line":32,"column":35},"end":{"line":32,"column":39}}}},"branchMap":{"0":{"loc":{"start":{"line":4,"column":12},"end":{"line":4,"column":29}},"type":"binary-expr","locations":[{"start":{"line":4,"column":12},"end":{"line":4,"column":29}},{"start":{"line":4,"column":12},"end":{"line":4,"column":29}}]}},"s":{"0":1,"1":1,"2":1,"3":1,"4":3,"5":3,"6":1,"7":0,"8":0,"9":1,"10":0,"11":0,"12":1},"f":{"0":1,"1":3,"2":0,"3":0},"b":{"0":[1,1]}}
,"/Users/azasorin/Documents/Projects/meditor/ui/src/app/search/components/search-bar/search-bar.component.html": {"path":"/Users/azasorin/Documents/Projects/meditor/ui/src/app/search/components/search-bar/search-bar.component.html","statementMap":{"0":{"start":{"line":1,"column":0},"end":{"line":26,"column":2}}},"fnMap":{},"branchMap":{},"s":{"0":1},"f":{},"b":{},"_coverageSchema":"332fd63041d2c1bcb487cc26dd0d5f7d97098a6c","hash":"979fa512ea66e73fafe91f6ae41c894054de5ca4"}
,"/Users/azasorin/Documents/Projects/meditor/ui/src/app/search/components/search-bar/search-bar.component.ts": {"path":"/Users/azasorin/Documents/Projects/meditor/ui/src/app/search/components/search-bar/search-bar.component.ts","statementMap":{"0":{"start":{"line":1,"column":0},"end":{"line":1,"column":78}},"1":{"start":{"line":2,"column":0},"end":{"line":2,"column":52}},"2":{"start":{"line":3,"column":0},"end":{"line":3,"column":43}},"3":{"start":{"line":10,"column":0},"end":{"line":21,"column":1}},"4":{"start":{"line":14,"column":11},"end":{"line":14,"column":56}},"5":{"start":{"line":16,"column":1},"end":{"line":16,"column":34}},"6":{"start":{"line":19,"column":2},"end":{"line":19,"column":49}},"7":{"start":{"line":11,"column":10},"end":{"line":11,"column":26}},"8":{"start":{"line":12,"column":10},"end":{"line":12,"column":31}},"9":{"start":{"line":13,"column":10},"end":{"line":13,"column":20}},"10":{"start":{"line":10,"column":13},"end":{"line":21,"column":1}},"11":{"start":{"line":10,"column":13},"end":{"line":10,"column":31}}},"fnMap":{"0":{"name":"(anonymous_2)","decl":{"start":{"line":5,"column":0},"end":{"line":null,"column":-1}},"loc":{"start":{"line":5,"column":0},"end":{"line":21,"column":1}}},"1":{"name":"(anonymous_3)","decl":{"start":{"line":18,"column":1},"end":{"line":18,"column":8}},"loc":{"start":{"line":18,"column":9},"end":{"line":20,"column":2}}}},"branchMap":{"0":{"loc":{"start":{"line":12,"column":30},"end":{"line":null,"column":-1}},"type":"binary-expr","locations":[{"start":{"line":12,"column":30},"end":{"line":null,"column":-1}},{"start":{"line":12,"column":30},"end":{"line":null,"column":-1}}]},"1":{"loc":{"start":{"line":12,"column":25},"end":{"line":12,"column":30}},"type":"binary-expr","locations":[{"start":{"line":12,"column":25},"end":{"line":12,"column":30}}]}},"s":{"0":1,"1":1,"2":1,"3":1,"4":1,"5":0,"6":0,"7":1,"8":1,"9":1,"10":1,"11":1},"f":{"0":0,"1":0},"b":{"0":[0,1],"1":[0]}}
,"/Users/azasorin/Documents/Projects/meditor/ui/src/app/search/components/search-result/search-result.component.html": {"path":"/Users/azasorin/Documents/Projects/meditor/ui/src/app/search/components/search-result/search-result.component.html","statementMap":{"0":{"start":{"line":1,"column":0},"end":{"line":7,"column":2}}},"fnMap":{},"branchMap":{},"s":{"0":1},"f":{},"b":{},"_coverageSchema":"332fd63041d2c1bcb487cc26dd0d5f7d97098a6c","hash":"b5adb0e1991894976a270cf6c627c09cfbeb1b38"}
,"/Users/azasorin/Documents/Projects/meditor/ui/src/app/search/components/search-result/search-result.component.ts": {"path":"/Users/azasorin/Documents/Projects/meditor/ui/src/app/search/components/search-result/search-result.component.ts","statementMap":{"0":{"start":{"line":1,"column":0},"end":{"line":1,"column":56}},"1":{"start":{"line":2,"column":0},"end":{"line":2,"column":58}},"2":{"start":{"line":9,"column":0},"end":{"line":18,"column":1}},"3":{"start":{"line":11,"column":10},"end":{"line":11,"column":27}},"4":{"start":{"line":9,"column":13},"end":{"line":18,"column":1}},"5":{"start":{"line":9,"column":13},"end":{"line":9,"column":34}}},"fnMap":{"0":{"name":"(anonymous_2)","decl":{"start":{"line":13,"column":1},"end":{"line":13,"column":16}},"loc":{"start":{"line":13,"column":1},"end":{"line":13,"column":18}}},"1":{"name":"(anonymous_3)","decl":{"start":{"line":15,"column":1},"end":{"line":15,"column":8}},"loc":{"start":{"line":15,"column":9},"end":{"line":16,"column":2}}}},"branchMap":{"0":{"loc":{"start":{"line":11,"column":26},"end":{"line":null,"column":-1}},"type":"binary-expr","locations":[{"start":{"line":11,"column":26},"end":{"line":null,"column":-1}},{"start":{"line":11,"column":26},"end":{"line":null,"column":-1}}]},"1":{"loc":{"start":{"line":11,"column":18},"end":{"line":11,"column":26}},"type":"binary-expr","locations":[{"start":{"line":11,"column":18},"end":{"line":11,"column":26}}]}},"s":{"0":1,"1":1,"2":1,"3":1,"4":1,"5":1},"f":{"0":1,"1":1},"b":{"0":[0,1],"1":[0]}}
,"/Users/azasorin/Documents/Projects/meditor/ui/src/app/search/components/search-result-list/search-result-list.component.html": {"path":"/Users/azasorin/Documents/Projects/meditor/ui/src/app/search/components/search-result-list/search-result-list.component.html","statementMap":{"0":{"start":{"line":1,"column":0},"end":{"line":2,"column":2}}},"fnMap":{},"branchMap":{},"s":{"0":1},"f":{},"b":{},"_coverageSchema":"332fd63041d2c1bcb487cc26dd0d5f7d97098a6c","hash":"ebed966eefb30b9382b583cf985d1db829dde74c"}
,"/Users/azasorin/Documents/Projects/meditor/ui/src/app/search/components/search-result-list/search-result-list.component.ts": {"path":"/Users/azasorin/Documents/Projects/meditor/ui/src/app/search/components/search-result-list/search-result-list.component.ts","statementMap":{"0":{"start":{"line":1,"column":0},"end":{"line":1,"column":56}},"1":{"start":{"line":9,"column":0},"end":{"line":18,"column":1}},"2":{"start":{"line":11,"column":10},"end":{"line":11,"column":30}},"3":{"start":{"line":9,"column":13},"end":{"line":18,"column":1}},"4":{"start":{"line":9,"column":13},"end":{"line":9,"column":38}}},"fnMap":{"0":{"name":"(anonymous_2)","decl":{"start":{"line":13,"column":1},"end":{"line":13,"column":16}},"loc":{"start":{"line":13,"column":1},"end":{"line":13,"column":18}}},"1":{"name":"(anonymous_3)","decl":{"start":{"line":15,"column":1},"end":{"line":15,"column":8}},"loc":{"start":{"line":15,"column":9},"end":{"line":16,"column":2}}}},"branchMap":{},"s":{"0":1,"1":1,"2":1,"3":1,"4":1},"f":{"0":0,"1":0},"b":{}}
,"/Users/azasorin/Documents/Projects/meditor/ui/src/app/search/containers/search-page.component.ts": {"path":"/Users/azasorin/Documents/Projects/meditor/ui/src/app/search/containers/search-page.component.ts","statementMap":{"0":{"start":{"line":1,"column":0},"end":{"line":1,"column":74}},"1":{"start":{"line":3,"column":0},"end":{"line":3,"column":42}},"2":{"start":{"line":4,"column":0},"end":{"line":4,"column":40}},"3":{"start":{"line":5,"column":0},"end":{"line":5,"column":43}},"4":{"start":{"line":9,"column":0},"end":{"line":9,"column":64}},"5":{"start":{"line":10,"column":0},"end":{"line":10,"column":58}},"6":{"start":{"line":11,"column":0},"end":{"line":11,"column":52}},"7":{"start":{"line":35,"column":0},"end":{"line":77,"column":1}},"8":{"start":{"line":41,"column":10},"end":{"line":41,"column":42}},"9":{"start":{"line":42,"column":10},"end":{"line":42,"column":46}},"10":{"start":{"line":43,"column":10},"end":{"line":43,"column":24}},"11":{"start":{"line":44,"column":10},"end":{"line":44,"column":31}},"12":{"start":{"line":46,"column":2},"end":{"line":46,"column":63}},"13":{"start":{"line":47,"column":2},"end":{"line":47,"column":76}},"14":{"start":{"line":48,"column":2},"end":{"line":48,"column":72}},"15":{"start":{"line":54,"column":2},"end":{"line":57,"column":5}},"16":{"start":{"line":55,"column":3},"end":{"line":55,"column":38}},"17":{"start":{"line":56,"column":3},"end":{"line":56,"column":44}},"18":{"start":{"line":61,"column":2},"end":{"line":61,"column":56}},"19":{"start":{"line":65,"column":2},"end":{"line":65,"column":54}},"20":{"start":{"line":69,"column":2},"end":{"line":69,"column":37}},"21":{"start":{"line":70,"column":2},"end":{"line":70,"column":43}},"22":{"start":{"line":74,"column":2},"end":{"line":74,"column":88}},"23":{"start":{"line":35,"column":13},"end":{"line":77,"column":1}},"24":{"start":{"line":35,"column":13},"end":{"line":35,"column":32}}},"fnMap":{"0":{"name":"(anonymous_2)","decl":{"start":{"line":40,"column":1},"end":{"line":41,"column":9}},"loc":{"start":{"line":44,"column":31},"end":{"line":51,"column":2}}},"1":{"name":"(anonymous_3)","decl":{"start":{"line":53,"column":1},"end":{"line":53,"column":8}},"loc":{"start":{"line":53,"column":9},"end":{"line":58,"column":2}}},"2":{"name":"(anonymous_4)","decl":{"start":{"line":54,"column":35},"end":{"line":54,"column":36}},"loc":{"start":{"line":54,"column":54},"end":{"line":57,"column":3}}},"3":{"name":"(anonymous_5)","decl":{"start":{"line":60,"column":1},"end":{"line":60,"column":11}},"loc":{"start":{"line":60,"column":17},"end":{"line":62,"column":2}}},"4":{"name":"(anonymous_6)","decl":{"start":{"line":64,"column":1},"end":{"line":64,"column":17}},"loc":{"start":{"line":64,"column":23},"end":{"line":66,"column":2}}},"5":{"name":"(anonymous_7)","decl":{"start":{"line":68,"column":1},"end":{"line":68,"column":15}},"loc":{"start":{"line":68,"column":22},"end":{"line":71,"column":2}}},"6":{"name":"(anonymous_8)","decl":{"start":{"line":73,"column":1},"end":{"line":73,"column":17}},"loc":{"start":{"line":73,"column":23},"end":{"line":75,"column":2}}}},"branchMap":{"0":{"loc":{"start":{"line":41,"column":26},"end":{"line":42,"column":22}},"type":"binary-expr","locations":[{"start":{"line":41,"column":26},"end":{"line":42,"column":22}},{"start":{"line":41,"column":26},"end":{"line":42,"column":22}}]},"1":{"loc":{"start":{"line":41,"column":21},"end":{"line":41,"column":26}},"type":"binary-expr","locations":[{"start":{"line":41,"column":21},"end":{"line":41,"column":26}}]},"2":{"loc":{"start":{"line":41,"column":26},"end":{"line":42,"column":28}},"type":"binary-expr","locations":[{"start":{"line":41,"column":26},"end":{"line":42,"column":28}},{"start":{"line":42,"column":28},"end":{"line":43,"column":17}},{"start":{"line":42,"column":28},"end":{"line":43,"column":17}}]},"3":{"loc":{"start":{"line":41,"column":26},"end":{"line":42,"column":28}},"type":"binary-expr","locations":[{"start":{"line":41,"column":26},"end":{"line":42,"column":28}},{"start":{"line":42,"column":23},"end":{"line":42,"column":28}}]},"4":{"loc":{"start":{"line":42,"column":28},"end":{"line":43,"column":24}},"type":"binary-expr","locations":[{"start":{"line":42,"column":28},"end":{"line":43,"column":24}},{"start":{"line":43,"column":24},"end":{"line":44,"column":16}},{"start":{"line":43,"column":24},"end":{"line":44,"column":16}}]},"5":{"loc":{"start":{"line":42,"column":28},"end":{"line":43,"column":24}},"type":"binary-expr","locations":[{"start":{"line":42,"column":28},"end":{"line":43,"column":24}},{"start":{"line":43,"column":18},"end":{"line":43,"column":24}}]},"6":{"loc":{"start":{"line":43,"column":24},"end":{"line":44,"column":31}},"type":"binary-expr","locations":[{"start":{"line":43,"column":24},"end":{"line":44,"column":31}},{"start":{"line":44,"column":31},"end":{"line":null,"column":-1}},{"start":{"line":44,"column":31},"end":{"line":null,"column":-1}}]},"7":{"loc":{"start":{"line":43,"column":24},"end":{"line":44,"column":31}},"type":"binary-expr","locations":[{"start":{"line":43,"column":24},"end":{"line":44,"column":31}},{"start":{"line":44,"column":17},"end":{"line":44,"column":31}}]}},"s":{"0":1,"1":1,"2":1,"3":1,"4":1,"5":1,"6":1,"7":1,"8":3,"9":3,"10":3,"11":3,"12":3,"13":3,"14":3,"15":1,"16":1,"17":1,"18":2,"19":2,"20":0,"21":0,"22":0,"23":1,"24":1},"f":{"0":3,"1":1,"2":1,"3":2,"4":2,"5":0,"6":0},"b":{"0":[1,0],"1":[1],"2":[1,1,0],"3":[1,1],"4":[1,1,0],"5":[1,1],"6":[1,1,0],"7":[1,1]}}
,"/Users/azasorin/Documents/Projects/meditor/ui/src/app/search/reducers/index.ts": {"path":"/Users/azasorin/Documents/Projects/meditor/ui/src/app/search/reducers/index.ts","statementMap":{"0":{"start":{"line":1,"column":0},"end":{"line":5,"column":20}},"1":{"start":{"line":6,"column":0},"end":{"line":6,"column":47}},"2":{"start":{"line":12,"column":13},"end":{"line":14,"column":2}},"3":{"start":{"line":16,"column":13},"end":{"line":16,"column":84}},"4":{"start":{"line":18,"column":13},"end":{"line":21,"column":2}},"5":{"start":{"line":22,"column":13},"end":{"line":25,"column":2}},"6":{"start":{"line":26,"column":13},"end":{"line":29,"column":2}},"7":{"start":{"line":30,"column":13},"end":{"line":33,"column":2}}},"fnMap":{},"branchMap":{},"s":{"0":1,"1":1,"2":1,"3":1,"4":1,"5":1,"6":1,"7":1},"f":{},"b":{}}
,"/Users/azasorin/Documents/Projects/meditor/ui/src/app/search/reducers/results.reducer.ts": {"path":"/Users/azasorin/Documents/Projects/meditor/ui/src/app/search/reducers/results.reducer.ts","statementMap":{"0":{"start":{"line":1,"column":0},"end":{"line":1,"column":78}},"1":{"start":{"line":3,"column":0},"end":{"line":3,"column":81}},"2":{"start":{"line":24,"column":13},"end":{"line":26,"column":3}},"3":{"start":{"line":33,"column":13},"end":{"line":35,"column":3}},"4":{"start":{"line":41,"column":1},"end":{"line":56,"column":2}},"5":{"start":{"line":50,"column":3},"end":{"line":50,"column":49}},"6":{"start":{"line":54,"column":3},"end":{"line":54,"column":16}},"7":{"start":{"line":37,"column":0},"end":{"line":57,"column":1}},"8":{"start":{"line":59,"column":13},"end":{"line":64,"column":27}}},"fnMap":{"0":{"name":"reducer","decl":{"start":{"line":37,"column":0},"end":{"line":38,"column":0}},"loc":{"start":{"line":39,"column":27},"end":{"line":57,"column":1}}}},"branchMap":{"0":{"loc":{"start":{"line":38,"column":9},"end":{"line":38,"column":21}},"type":"default-arg","locations":[{"start":{"line":38,"column":9},"end":{"line":38,"column":21}}]},"1":{"loc":{"start":{"line":42,"column":2},"end":{"line":51,"column":3}},"type":"switch","locations":[{"start":{"line":42,"column":2},"end":{"line":51,"column":3}},{"start":{"line":53,"column":2},"end":{"line":55,"column":3}}]}},"s":{"0":1,"1":1,"2":1,"3":1,"4":0,"5":0,"6":0,"7":1,"8":1},"f":{"0":0},"b":{"0":[0],"1":[0,0]}}
,"/Users/azasorin/Documents/Projects/meditor/ui/src/app/shared/pipes/add-commas.ts": {"path":"/Users/azasorin/Documents/Projects/meditor/ui/src/app/shared/pipes/add-commas.ts","statementMap":{"0":{"start":{"line":1,"column":0},"end":{"line":1,"column":51}},"1":{"start":{"line":4,"column":0},"end":{"line":23,"column":1}},"2":{"start":{"line":6,"column":4},"end":{"line":8,"column":5}},"3":{"start":{"line":7,"column":6},"end":{"line":7,"column":30}},"4":{"start":{"line":10,"column":4},"end":{"line":21,"column":5}},"5":{"start":{"line":12,"column":8},"end":{"line":12,"column":32}},"6":{"start":{"line":14,"column":8},"end":{"line":14,"column":26}},"7":{"start":{"line":16,"column":8},"end":{"line":16,"column":37}},"8":{"start":{"line":18,"column":21},"end":{"line":18,"column":48}},"9":{"start":{"line":19,"column":26},"end":{"line":19,"column":46}},"10":{"start":{"line":20,"column":8},"end":{"line":20,"column":54}},"11":{"start":{"line":4,"column":13},"end":{"line":23,"column":1}},"12":{"start":{"line":4,"column":13},"end":{"line":4,"column":26}}},"fnMap":{"0":{"name":"(anonymous_1)","decl":{"start":{"line":5,"column":2},"end":{"line":5,"column":10}},"loc":{"start":{"line":5,"column":36},"end":{"line":22,"column":3}}}},"branchMap":{"0":{"loc":{"start":{"line":6,"column":4},"end":{"line":8,"column":5}},"type":"if","locations":[{"start":{"line":6,"column":4},"end":{"line":8,"column":5}},{"start":{"line":6,"column":4},"end":{"line":8,"column":5}}]},"1":{"loc":{"start":{"line":11,"column":6},"end":{"line":12,"column":32}},"type":"switch","locations":[{"start":{"line":11,"column":6},"end":{"line":12,"column":32}},{"start":{"line":13,"column":6},"end":{"line":14,"column":26}},{"start":{"line":15,"column":6},"end":{"line":16,"column":37}},{"start":{"line":17,"column":6},"end":{"line":20,"column":54}}]}},"s":{"0":1,"1":1,"2":5,"3":1,"4":4,"5":1,"6":1,"7":1,"8":1,"9":1,"10":1,"11":1,"12":1},"f":{"0":5},"b":{"0":[1,4],"1":[1,1,1,1]}}
,"/Users/azasorin/Documents/Projects/meditor/ui/src/app/shared/pipes/ellipsis.ts": {"path":"/Users/azasorin/Documents/Projects/meditor/ui/src/app/shared/pipes/ellipsis.ts","statementMap":{"0":{"start":{"line":1,"column":0},"end":{"line":1,"column":51}},"1":{"start":{"line":4,"column":0},"end":{"line":14,"column":1}},"2":{"start":{"line":6,"column":24},"end":{"line":6,"column":56}},"3":{"start":{"line":8,"column":4},"end":{"line":10,"column":5}},"4":{"start":{"line":9,"column":6},"end":{"line":9,"column":53}},"5":{"start":{"line":12,"column":4},"end":{"line":12,"column":23}},"6":{"start":{"line":4,"column":13},"end":{"line":14,"column":1}},"7":{"start":{"line":4,"column":13},"end":{"line":4,"column":25}}},"fnMap":{"0":{"name":"(anonymous_1)","decl":{"start":{"line":5,"column":2},"end":{"line":5,"column":10}},"loc":{"start":{"line":5,"column":48},"end":{"line":13,"column":3}}}},"branchMap":{"0":{"loc":{"start":{"line":5,"column":45},"end":{"line":5,"column":48}},"type":"default-arg","locations":[{"start":{"line":5,"column":45},"end":{"line":5,"column":48}}]},"1":{"loc":{"start":{"line":8,"column":4},"end":{"line":10,"column":5}},"type":"if","locations":[{"start":{"line":8,"column":4},"end":{"line":10,"column":5}},{"start":{"line":8,"column":4},"end":{"line":10,"column":5}}]}},"s":{"0":1,"1":1,"2":3,"3":3,"4":2,"5":1,"6":1,"7":1},"f":{"0":3},"b":{"0":[2],"1":[2,1]}}
,"/Users/azasorin/Documents/Projects/meditor/ui/src/environments/environment.ts": {"path":"/Users/azasorin/Documents/Projects/meditor/ui/src/environments/environment.ts","statementMap":{"0":{"start":{"line":6,"column":13},"end":{"line":9,"column":2}}},"fnMap":{},"branchMap":{},"s":{"0":3},"f":{},"b":{}}
}
