{"/Users/azasorin/Documents/Projects/meditor/ui/setup-jest.ts": {"path":"/Users/azasorin/Documents/Projects/meditor/ui/setup-jest.ts","statementMap":{"0":{"start":{"line":1,"column":0},"end":{"line":1,"column":29}},"1":{"start":{"line":2,"column":0},"end":{"line":2,"column":21}},"2":{"start":{"line":4,"column":0},"end":{"line":11,"column":3}},"3":{"start":{"line":6,"column":4},"end":{"line":9,"column":6}}},"fnMap":{"0":{"name":"(anonymous_0)","decl":{"start":{"line":5,"column":9},"end":{"line":5,"column":11}},"loc":{"start":{"line":5,"column":14},"end":{"line":10,"column":3}}}},"branchMap":{},"s":{"0":1,"1":1,"2":1,"3":0},"f":{"0":0},"b":{}}
,"/Users/azasorin/Documents/Projects/meditor/ui/src/app/auth/actions/auth.ts": {"path":"/Users/azasorin/Documents/Projects/meditor/ui/src/app/auth/actions/auth.ts","statementMap":{"0":{"start":{"line":4,"column":0},"end":{"line":10,"column":1}},"1":{"start":{"line":5,"column":2},"end":{"line":5,"column":28}},"2":{"start":{"line":6,"column":2},"end":{"line":6,"column":26}},"3":{"start":{"line":7,"column":2},"end":{"line":7,"column":39}},"4":{"start":{"line":8,"column":2},"end":{"line":8,"column":39}},"5":{"start":{"line":9,"column":2},"end":{"line":9,"column":41}},"6":{"start":{"line":13,"column":11},"end":{"line":13,"column":42}},"7":{"start":{"line":12,"column":0},"end":{"line":14,"column":1}},"8":{"start":{"line":19,"column":21},"end":{"line":19,"column":44}},"9":{"start":{"line":17,"column":11},"end":{"line":17,"column":47}},"10":{"start":{"line":16,"column":0},"end":{"line":20,"column":1}},"11":{"start":{"line":25,"column":21},"end":{"line":25,"column":33}},"12":{"start":{"line":23,"column":11},"end":{"line":23,"column":47}},"13":{"start":{"line":22,"column":0},"end":{"line":26,"column":1}},"14":{"start":{"line":29,"column":11},"end":{"line":29,"column":48}},"15":{"start":{"line":28,"column":0},"end":{"line":30,"column":1}},"16":{"start":{"line":33,"column":11},"end":{"line":33,"column":41}},"17":{"start":{"line":32,"column":0},"end":{"line":34,"column":1}}},"fnMap":{"0":{"name":"(anonymous_0)","decl":{"start":{"line":4,"column":0},"end":{"line":4,"column":11}},"loc":{"start":{"line":4,"column":27},"end":{"line":10,"column":1}}},"1":{"name":"(anonymous_1)","decl":{"start":{"line":12,"column":0},"end":{"line":null,"column":-1}},"loc":{"start":{"line":12,"column":0},"end":{"line":14,"column":1}}},"2":{"name":"(anonymous_2)","decl":{"start":{"line":19,"column":2},"end":{"line":19,"column":20}},"loc":{"start":{"line":19,"column":44},"end":{"line":19,"column":48}}},"3":{"name":"(anonymous_3)","decl":{"start":{"line":25,"column":2},"end":{"line":25,"column":20}},"loc":{"start":{"line":25,"column":33},"end":{"line":25,"column":37}}},"4":{"name":"(anonymous_4)","decl":{"start":{"line":28,"column":0},"end":{"line":null,"column":-1}},"loc":{"start":{"line":28,"column":0},"end":{"line":30,"column":1}}},"5":{"name":"(anonymous_5)","decl":{"start":{"line":32,"column":0},"end":{"line":null,"column":-1}},"loc":{"start":{"line":32,"column":0},"end":{"line":34,"column":1}}}},"branchMap":{"0":{"loc":{"start":{"line":4,"column":12},"end":{"line":4,"column":27}},"type":"binary-expr","locations":[{"start":{"line":4,"column":12},"end":{"line":4,"column":27}},{"start":{"line":4,"column":12},"end":{"line":4,"column":27}}]}},"s":{"0":1,"1":1,"2":1,"3":1,"4":1,"5":1,"6":1,"7":1,"8":0,"9":0,"10":1,"11":0,"12":0,"13":1,"14":0,"15":1,"16":0,"17":1},"f":{"0":1,"1":1,"2":0,"3":0,"4":0,"5":0},"b":{"0":[1,1]}}
,"/Users/azasorin/Documents/Projects/meditor/ui/src/app/auth/components/login.component.ts": {"path":"/Users/azasorin/Documents/Projects/meditor/ui/src/app/auth/components/login.component.ts","statementMap":{"0":{"start":{"line":1,"column":0},"end":{"line":1,"column":78}},"1":{"start":{"line":4,"column":0},"end":{"line":4,"column":43}},"2":{"start":{"line":6,"column":0},"end":{"line":6,"column":39}},"3":{"start":{"line":7,"column":0},"end":{"line":7,"column":39}},"4":{"start":{"line":57,"column":0},"end":{"line":81,"column":1}},"5":{"start":{"line":62,"column":21},"end":{"line":62,"column":49}},"6":{"start":{"line":63,"column":2},"end":{"line":63,"column":63}},"7":{"start":{"line":64,"column":2},"end":{"line":64,"column":52}},"8":{"start":{"line":68,"column":2},"end":{"line":68,"column":42}},"9":{"start":{"line":72,"column":2},"end":{"line":72,"column":48}},"10":{"start":{"line":57,"column":13},"end":{"line":81,"column":1}},"11":{"start":{"line":57,"column":13},"end":{"line":57,"column":27}}},"fnMap":{"0":{"name":"(anonymous_2)","decl":{"start":{"line":62,"column":1},"end":{"line":62,"column":20}},"loc":{"start":{"line":62,"column":49},"end":{"line":65,"column":2}}},"1":{"name":"(anonymous_3)","decl":{"start":{"line":67,"column":1},"end":{"line":67,"column":8}},"loc":{"start":{"line":67,"column":9},"end":{"line":69,"column":2}}},"2":{"name":"(anonymous_4)","decl":{"start":{"line":71,"column":1},"end":{"line":71,"column":5}},"loc":{"start":{"line":71,"column":6},"end":{"line":74,"column":2}}}},"branchMap":{"0":{"loc":{"start":{"line":62,"column":33},"end":{"line":null,"column":-1}},"type":"binary-expr","locations":[{"start":{"line":62,"column":33},"end":{"line":null,"column":-1}},{"start":{"line":62,"column":33},"end":{"line":null,"column":-1}}]},"1":{"loc":{"start":{"line":62,"column":28},"end":{"line":62,"column":33}},"type":"binary-expr","locations":[{"start":{"line":62,"column":28},"end":{"line":62,"column":33}}]}},"s":{"0":1,"1":1,"2":1,"3":1,"4":1,"5":1,"6":1,"7":1,"8":1,"9":0,"10":1,"11":1},"f":{"0":1,"1":1,"2":0},"b":{"0":[1,0],"1":[1]}}
,"/Users/azasorin/Documents/Projects/meditor/ui/src/app/auth/reducers/auth.ts": {"path":"/Users/azasorin/Documents/Projects/meditor/ui/src/app/auth/reducers/auth.ts","statementMap":{"0":{"start":{"line":1,"column":0},"end":{"line":1,"column":64}},"1":{"start":{"line":9,"column":13},"end":{"line":12,"column":2}},"2":{"start":{"line":15,"column":2},"end":{"line":31,"column":3}},"3":{"start":{"line":17,"column":6},"end":{"line":21,"column":8}},"4":{"start":{"line":25,"column":6},"end":{"line":25,"column":26}},"5":{"start":{"line":29,"column":6},"end":{"line":29,"column":19}},"6":{"start":{"line":14,"column":0},"end":{"line":32,"column":1}},"7":{"start":{"line":34,"column":13},"end":{"line":34,"column":60}},"8":{"start":{"line":34,"column":45},"end":{"line":34,"column":59}},"9":{"start":{"line":35,"column":13},"end":{"line":35,"column":52}},"10":{"start":{"line":35,"column":41},"end":{"line":35,"column":51}}},"fnMap":{"0":{"name":"reducer","decl":{"start":{"line":14,"column":0},"end":{"line":14,"column":23}},"loc":{"start":{"line":14,"column":65},"end":{"line":32,"column":1}}},"1":{"name":"(anonymous_1)","decl":{"start":{"line":34,"column":27},"end":{"line":34,"column":28}},"loc":{"start":{"line":34,"column":45},"end":{"line":34,"column":59}}},"2":{"name":"(anonymous_2)","decl":{"start":{"line":35,"column":23},"end":{"line":35,"column":24}},"loc":{"start":{"line":35,"column":41},"end":{"line":35,"column":51}}}},"branchMap":{"0":{"loc":{"start":{"line":14,"column":32},"end":{"line":14,"column":44}},"type":"default-arg","locations":[{"start":{"line":14,"column":32},"end":{"line":14,"column":44}}]},"1":{"loc":{"start":{"line":16,"column":4},"end":{"line":22,"column":5}},"type":"switch","locations":[{"start":{"line":16,"column":4},"end":{"line":22,"column":5}},{"start":{"line":24,"column":4},"end":{"line":26,"column":5}},{"start":{"line":28,"column":4},"end":{"line":30,"column":5}}]}},"s":{"0":1,"1":1,"2":2,"3":0,"4":0,"5":2,"6":1,"7":1,"8":0,"9":1,"10":1},"f":{"0":2,"1":0,"2":1},"b":{"0":[1],"1":[0,0,2]}}
,"/Users/azasorin/Documents/Projects/meditor/ui/src/app/auth/reducers/index.ts": {"path":"/Users/azasorin/Documents/Projects/meditor/ui/src/app/auth/reducers/index.ts","statementMap":{"0":{"start":{"line":1,"column":0},"end":{"line":1,"column":67}},"1":{"start":{"line":3,"column":0},"end":{"line":3,"column":34}},"2":{"start":{"line":4,"column":0},"end":{"line":4,"column":45}},"3":{"start":{"line":15,"column":13},"end":{"line":18,"column":2}},"4":{"start":{"line":20,"column":13},"end":{"line":20,"column":72}},"5":{"start":{"line":22,"column":13},"end":{"line":25,"column":2}},"6":{"start":{"line":24,"column":24},"end":{"line":24,"column":36}},"7":{"start":{"line":26,"column":13},"end":{"line":29,"column":2}},"8":{"start":{"line":30,"column":13},"end":{"line":30,"column":79}},"9":{"start":{"line":32,"column":13},"end":{"line":35,"column":2}},"10":{"start":{"line":34,"column":24},"end":{"line":34,"column":39}},"11":{"start":{"line":36,"column":13},"end":{"line":39,"column":2}},"12":{"start":{"line":40,"column":13},"end":{"line":43,"column":2}}},"fnMap":{"0":{"name":"(anonymous_0)","decl":{"start":{"line":24,"column":2},"end":{"line":24,"column":3}},"loc":{"start":{"line":24,"column":24},"end":{"line":24,"column":36}}},"1":{"name":"(anonymous_1)","decl":{"start":{"line":34,"column":2},"end":{"line":34,"column":3}},"loc":{"start":{"line":34,"column":24},"end":{"line":34,"column":39}}}},"branchMap":{},"s":{"0":1,"1":1,"2":1,"3":1,"4":1,"5":1,"6":1,"7":1,"8":1,"9":1,"10":0,"11":1,"12":1},"f":{"0":1,"1":0},"b":{}}
,"/Users/azasorin/Documents/Projects/meditor/ui/src/app/auth/reducers/login-page.ts": {"path":"/Users/azasorin/Documents/Projects/meditor/ui/src/app/auth/reducers/login-page.ts","statementMap":{"0":{"start":{"line":1,"column":0},"end":{"line":1,"column":64}},"1":{"start":{"line":8,"column":13},"end":{"line":11,"column":2}},"2":{"start":{"line":14,"column":2},"end":{"line":42,"column":3}},"3":{"start":{"line":16,"column":6},"end":{"line":20,"column":8}},"4":{"start":{"line":24,"column":6},"end":{"line":28,"column":8}},"5":{"start":{"line":32,"column":6},"end":{"line":36,"column":8}},"6":{"start":{"line":40,"column":6},"end":{"line":40,"column":19}},"7":{"start":{"line":13,"column":0},"end":{"line":43,"column":1}},"8":{"start":{"line":45,"column":13},"end":{"line":45,"column":54}},"9":{"start":{"line":45,"column":42},"end":{"line":45,"column":53}},"10":{"start":{"line":46,"column":13},"end":{"line":46,"column":58}},"11":{"start":{"line":46,"column":44},"end":{"line":46,"column":57}}},"fnMap":{"0":{"name":"reducer","decl":{"start":{"line":13,"column":0},"end":{"line":13,"column":23}},"loc":{"start":{"line":13,"column":65},"end":{"line":43,"column":1}}},"1":{"name":"(anonymous_1)","decl":{"start":{"line":45,"column":24},"end":{"line":45,"column":25}},"loc":{"start":{"line":45,"column":42},"end":{"line":45,"column":53}}},"2":{"name":"(anonymous_2)","decl":{"start":{"line":46,"column":26},"end":{"line":46,"column":27}},"loc":{"start":{"line":46,"column":44},"end":{"line":46,"column":57}}}},"branchMap":{"0":{"loc":{"start":{"line":13,"column":32},"end":{"line":13,"column":44}},"type":"default-arg","locations":[{"start":{"line":13,"column":32},"end":{"line":13,"column":44}}]},"1":{"loc":{"start":{"line":15,"column":4},"end":{"line":21,"column":5}},"type":"switch","locations":[{"start":{"line":15,"column":4},"end":{"line":21,"column":5}},{"start":{"line":23,"column":4},"end":{"line":29,"column":5}},{"start":{"line":31,"column":4},"end":{"line":37,"column":5}},{"start":{"line":39,"column":4},"end":{"line":41,"column":5}}]}},"s":{"0":1,"1":1,"2":2,"3":0,"4":0,"5":0,"6":2,"7":1,"8":1,"9":0,"10":1,"11":0},"f":{"0":2,"1":0,"2":0},"b":{"0":[1],"1":[0,0,0,2]}}
}
