TN:
SF:/Users/azasorin/Documents/Projects/meditor/ui/setup-jest.ts
FN:5,(anonymous_0)
FNF:1
FNH:0
FNDA:0,(anonymous_0)
DA:1,2
DA:2,2
DA:4,2
DA:6,0
LF:4
LH:3
BRF:0
BRH:0
end_of_record
TN:
SF:/Users/azasorin/Documents/Projects/meditor/ui/src/app/auth/actions/auth.ts
FN:4,(anonymous_0)
FN:15,(anonymous_1)
FN:21,(anonymous_2)
FN:27,(anonymous_3)
FN:30,(anonymous_4)
FN:34,(anonymous_5)
FNF:6
FNH:4
FNDA:2,(anonymous_0)
FNDA:1,(anonymous_1)
FNDA:1,(anonymous_2)
FNDA:1,(anonymous_3)
FNDA:0,(anonymous_4)
FNDA:0,(anonymous_5)
DA:4,2
DA:5,2
DA:6,2
DA:7,2
DA:8,2
DA:9,2
DA:12,2
DA:13,1
DA:15,1
DA:18,2
DA:19,1
DA:21,1
DA:24,2
DA:25,1
DA:27,1
DA:30,2
DA:31,0
DA:34,2
DA:35,0
LF:19
LH:17
BRDA:4,0,0,2
BRDA:4,0,1,2
BRF:2
BRH:2
end_of_record
TN:
SF:/Users/azasorin/Documents/Projects/meditor/ui/src/app/auth/containers/login-page.component.ts
FN:32,(anonymous_1)
FNF:1
FNH:1
FNDA:1,(anonymous_1)
DA:1,1
DA:29,1
LF:2
LH:2
BRF:0
BRH:0
end_of_record
TN:
SF:/Users/azasorin/Documents/Projects/meditor/ui/src/app/auth/reducers/auth.ts
FN:14,reducer
FN:34,(anonymous_1)
FN:35,(anonymous_2)
FNF:3
FNH:1
FNDA:1,reducer
FNDA:0,(anonymous_1)
FNDA:0,(anonymous_2)
DA:1,1
DA:9,1
DA:14,1
DA:15,1
DA:17,0
DA:25,0
DA:29,1
DA:34,1
DA:35,1
LF:9
LH:7
BRDA:14,0,0,1
BRDA:16,1,0,0
BRDA:16,1,1,0
BRDA:16,1,2,1
BRF:4
BRH:2
end_of_record
TN:
SF:/Users/azasorin/Documents/Projects/meditor/ui/src/app/auth/reducers/index.ts
FN:24,(anonymous_0)
FN:34,(anonymous_1)
FNF:2
FNH:0
FNDA:0,(anonymous_0)
FNDA:0,(anonymous_1)
DA:1,1
DA:3,1
DA:4,1
DA:15,1
DA:20,1
DA:22,1
DA:24,0
DA:26,1
DA:30,1
DA:32,1
DA:34,0
DA:36,1
DA:40,1
LF:13
LH:11
BRF:0
BRH:0
end_of_record
TN:
SF:/Users/azasorin/Documents/Projects/meditor/ui/src/app/auth/reducers/login-page.ts
FN:13,reducer
FN:45,(anonymous_1)
FN:46,(anonymous_2)
FNF:3
FNH:1
FNDA:5,reducer
FNDA:0,(anonymous_1)
FNDA:0,(anonymous_2)
DA:1,2
DA:8,2
DA:13,2
DA:14,5
DA:16,1
DA:24,1
DA:32,1
DA:40,2
DA:45,2
DA:46,2
LF:10
LH:10
BRDA:13,0,0,2
BRDA:15,1,0,1
BRDA:15,1,1,1
BRDA:15,1,2,1
BRDA:15,1,3,2
BRF:5
BRH:5
end_of_record
