TN:
SF:/Users/azasorin/Documents/Projects/meditor/ui/setup-jest.ts
FN:5,(anonymous_0)
FNF:1
FNH:0
FNDA:0,(anonymous_0)
DA:1,1
DA:2,1
DA:4,1
DA:6,0
LF:4
LH:3
BRF:0
BRH:0
end_of_record
TN:
SF:/Users/azasorin/Documents/Projects/meditor/ui/src/app/auth/actions/auth.ts
FN:4,(anonymous_0)
FN:12,(anonymous_1)
FN:19,(anonymous_2)
FN:25,(anonymous_3)
FN:28,(anonymous_4)
FN:32,(anonymous_5)
FNF:6
FNH:2
FNDA:1,(anonymous_0)
FNDA:1,(anonymous_1)
FNDA:0,(anonymous_2)
FNDA:0,(anonymous_3)
FNDA:0,(anonymous_4)
FNDA:0,(anonymous_5)
DA:4,1
DA:5,1
DA:6,1
DA:7,1
DA:8,1
DA:9,1
DA:12,1
DA:13,1
DA:16,1
DA:17,0
DA:19,0
DA:22,1
DA:23,0
DA:25,0
DA:28,1
DA:29,0
DA:32,1
DA:33,0
LF:18
LH:12
BRDA:4,0,0,1
BRDA:4,0,1,1
BRF:2
BRH:2
end_of_record
TN:
SF:/Users/azasorin/Documents/Projects/meditor/ui/src/app/auth/components/login.component.ts
FN:62,(anonymous_2)
FN:67,(anonymous_3)
FN:71,(anonymous_4)
FNF:3
FNH:2
FNDA:1,(anonymous_2)
FNDA:1,(anonymous_3)
FNDA:0,(anonymous_4)
DA:1,1
DA:4,1
DA:6,1
DA:7,1
DA:57,1
DA:62,1
DA:63,1
DA:64,1
DA:68,1
DA:72,0
LF:10
LH:9
BRDA:62,0,0,1
BRDA:62,0,1,0
BRDA:62,1,0,1
BRF:3
BRH:2
end_of_record
TN:
SF:/Users/azasorin/Documents/Projects/meditor/ui/src/app/auth/reducers/auth.ts
FN:14,reducer
FN:34,(anonymous_1)
FN:35,(anonymous_2)
FNF:3
FNH:2
FNDA:2,reducer
FNDA:0,(anonymous_1)
FNDA:1,(anonymous_2)
DA:1,1
DA:9,1
DA:14,1
DA:15,2
DA:17,0
DA:25,0
DA:29,2
DA:34,1
DA:35,1
LF:9
LH:7
BRDA:14,0,0,1
BRDA:16,1,0,0
BRDA:16,1,1,0
BRDA:16,1,2,2
BRF:4
BRH:2
end_of_record
TN:
SF:/Users/azasorin/Documents/Projects/meditor/ui/src/app/auth/reducers/index.ts
FN:24,(anonymous_0)
FN:34,(anonymous_1)
FNF:2
FNH:1
FNDA:1,(anonymous_0)
FNDA:0,(anonymous_1)
DA:1,1
DA:3,1
DA:4,1
DA:15,1
DA:20,1
DA:22,1
DA:24,1
DA:26,1
DA:30,1
DA:32,1
DA:34,0
DA:36,1
DA:40,1
LF:13
LH:12
BRF:0
BRH:0
end_of_record
TN:
SF:/Users/azasorin/Documents/Projects/meditor/ui/src/app/auth/reducers/login-page.ts
FN:13,reducer
FN:45,(anonymous_1)
FN:46,(anonymous_2)
FNF:3
FNH:1
FNDA:2,reducer
FNDA:0,(anonymous_1)
FNDA:0,(anonymous_2)
DA:1,1
DA:8,1
DA:13,1
DA:14,2
DA:16,0
DA:24,0
DA:32,0
DA:40,2
DA:45,1
DA:46,1
LF:10
LH:7
BRDA:13,0,0,1
BRDA:15,1,0,0
BRDA:15,1,1,0
BRDA:15,1,2,0
BRDA:15,1,3,2
BRF:5
BRH:2
end_of_record
